Using pre-set license
Built from '2021.2/staging' branch; Version is '2021.2.7f1 (6bd9e232123f) revision 7068130'; Using compiler version '192829333'; Build Type 'Release'
OS: 'Windows 10  (10.0.18362) 64bit CoreSingleLanguage' Language: 'ru' Physical Memory: 16266 MB
BatchMode: 1, IsHumanControllingUs: 0, StartBugReporterOnCrash: 0, Is64bit: 1, IsPro: 0

COMMAND LINE ARGUMENTS:
D:\Program Files\Unity\Editor\2021.2.7f1\Editor\Unity.exe
-adb2
-batchMode
-noUpm
-name
AssetImportWorker2
-projectPath
C:/Unity Projects/Dojo Death
-logFile
Logs/AssetImportWorker2.log
-srvPort
59842
Successfully changed project path to: C:/Unity Projects/Dojo Death
C:/Unity Projects/Dojo Death
[UnityMemory] Configuration Parameters - Can be set up in boot.config
    "memorysetup-bucket-allocator-granularity=16"
    "memorysetup-bucket-allocator-bucket-count=8"
    "memorysetup-bucket-allocator-block-size=33554432"
    "memorysetup-bucket-allocator-block-count=8"
    "memorysetup-main-allocator-block-size=16777216"
    "memorysetup-thread-allocator-block-size=16777216"
    "memorysetup-gfx-main-allocator-block-size=16777216"
    "memorysetup-gfx-thread-allocator-block-size=16777216"
    "memorysetup-cache-allocator-block-size=4194304"
    "memorysetup-typetree-allocator-block-size=2097152"
    "memorysetup-profiler-bucket-allocator-granularity=16"
    "memorysetup-profiler-bucket-allocator-bucket-count=8"
    "memorysetup-profiler-bucket-allocator-block-size=33554432"
    "memorysetup-profiler-bucket-allocator-block-count=8"
    "memorysetup-profiler-allocator-block-size=16777216"
    "memorysetup-profiler-editor-allocator-block-size=1048576"
    "memorysetup-temp-allocator-size-main=16777216"
    "memorysetup-job-temp-allocator-block-size=2097152"
    "memorysetup-job-temp-allocator-block-size-background=1048576"
    "memorysetup-job-temp-allocator-reduction-small-platforms=262144"
    "memorysetup-temp-allocator-size-background-worker=32768"
    "memorysetup-temp-allocator-size-job-worker=262144"
    "memorysetup-temp-allocator-size-preload-manager=33554432"
    "memorysetup-temp-allocator-size-nav-mesh-worker=65536"
    "memorysetup-temp-allocator-size-audio-worker=65536"
    "memorysetup-temp-allocator-size-cloud-worker=32768"
    "memorysetup-temp-allocator-size-gi-baking-worker=262144"
    "memorysetup-temp-allocator-size-gfx=262144"
Refreshing native plugins compatible for Editor in 349.35 ms, found 4 plugins.
Preloading 0 native plugins for Editor in 0.00 ms.
Initialize engine version: 2021.2.7f1 (6bd9e232123f)
[Subsystems] Discovering subsystems at path D:/Program Files/Unity/Editor/2021.2.7f1/Editor/Data/Resources/UnitySubsystems
[Subsystems] Discovering subsystems at path C:/Unity Projects/Dojo Death/Assets
GfxDevice: creating device client; threaded=0; jobified=0
Direct3D:
    Version:  Direct3D 11.0 [level 11.1]
    Renderer: NVIDIA GeForce GTX 1050 (ID=0x1c8d)
    Vendor:   NVIDIA
    VRAM:     1979 MB
    Driver:   30.0.14.9649
Initialize mono
Mono path[0] = 'D:/Program Files/Unity/Editor/2021.2.7f1/Editor/Data/Managed'
Mono path[1] = 'D:/Program Files/Unity/Editor/2021.2.7f1/Editor/Data/MonoBleedingEdge/lib/mono/unityjit-win32'
Mono config path = 'D:/Program Files/Unity/Editor/2021.2.7f1/Editor/Data/MonoBleedingEdge/etc'
Using monoOptions --debugger-agent=transport=dt_socket,embedding=1,server=y,suspend=n,address=127.0.0.1:56200
Begin MonoManager ReloadAssembly
Registering precompiled unity dll's ...
Register platform support module: D:/Program Files/Unity/Editor/2021.2.7f1/Editor/Data/PlaybackEngines/WebGLSupport/UnityEditor.WebGL.Extensions.dll
Register platform support module: D:/Program Files/Unity/Editor/2021.2.7f1/Editor/Data/PlaybackEngines/MacStandaloneSupport/UnityEditor.OSXStandalone.Extensions.dll
Register platform support module: D:/Program Files/Unity/Editor/2021.2.7f1/Editor/Data/PlaybackEngines/WindowsStandaloneSupport/UnityEditor.WindowsStandalone.Extensions.dll
Register platform support module: D:/Program Files/Unity/Editor/2021.2.7f1/Editor/Data/PlaybackEngines/LinuxStandaloneSupport/UnityEditor.LinuxStandalone.Extensions.dll
Register platform support module: D:/Program Files/Unity/Editor/2021.2.7f1/Editor/Data/PlaybackEngines/LuminSupport/UnityEditor.Lumin.Extensions.dll
Registered in 0.409256 seconds.
Native extension for Lumin target not found
Native extension for LinuxStandalone target not found
Native extension for WindowsStandalone target not found
Native extension for OSXStandalone target not found
Native extension for WebGL target not found
Refreshing native plugins compatible for Editor in 129.02 ms, found 4 plugins.
Preloading 0 native plugins for Editor in 0.00 ms.
Mono: successfully reloaded assembly
- Completed reload, in  6.093 seconds
Domain Reload Profiling:
	ReloadAssembly (6093ms)
		BeginReloadAssembly (4194ms)
			ExecutionOrderSort (0ms)
			DisableScriptedObjects (0ms)
			BackupInstance (0ms)
			ReleaseScriptingObjects (0ms)
			CreateAndSetChildDomain (1ms)
		EndReloadAssembly (1122ms)
			LoadAssemblies (4218ms)
			RebuildTransferFunctionScriptingTraits (0ms)
			SetupTypeCache (584ms)
			ReleaseScriptCaches (0ms)
			RebuildScriptCaches (34ms)
			SetupLoadedEditorAssemblies (390ms)
				LogAssemblyErrors (0ms)
				InitializePlatformSupportModulesInManaged (36ms)
				SetLoadedEditorAssemblies (0ms)
				RefreshPlugins (129ms)
				BeforeProcessingInitializeOnLoad (2ms)
				ProcessInitializeOnLoadAttributes (157ms)
				ProcessInitializeOnLoadMethodAttributes (66ms)
				AfterProcessingInitializeOnLoad (0ms)
				EditorAssembliesLoaded (0ms)
			ExecutionOrderSort2 (0ms)
			AwakeInstancesAfterBackupRestoration (0ms)
Platform modules already initialized, skipping
Registering precompiled user dll's ...
Registered in 1.340282 seconds.
Begin MonoManager ReloadAssembly
Symbol file LoadedFromMemory doesn't match image C:\Unity Projects\Dojo Death\Library\PackageCache\com.unity.visualscripting@1.7.6\Editor\VisualScripting.Core\Dependencies\YamlDotNet\Unity.VisualScripting.YamlDotNet.dll
Symbol file LoadedFromMemory doesn't match image C:\Unity Projects\Dojo Death\Library\PackageCache\com.unity.visualscripting@1.7.6\Editor\VisualScripting.Core\Dependencies\DotNetZip\Unity.VisualScripting.IonicZip.dll
Native extension for Lumin target not found
Native extension for LinuxStandalone target not found
Native extension for WindowsStandalone target not found
Native extension for OSXStandalone target not found
Native extension for WebGL target not found
Refreshing native plugins compatible for Editor in 128.44 ms, found 4 plugins.
Preloading 0 native plugins for Editor in 0.00 ms.
Mono: successfully reloaded assembly
- Completed reload, in  8.834 seconds
Domain Reload Profiling:
	ReloadAssembly (8835ms)
		BeginReloadAssembly (198ms)
			ExecutionOrderSort (0ms)
			DisableScriptedObjects (7ms)
			BackupInstance (0ms)
			ReleaseScriptingObjects (0ms)
			CreateAndSetChildDomain (25ms)
		EndReloadAssembly (8360ms)
			LoadAssemblies (4236ms)
			RebuildTransferFunctionScriptingTraits (0ms)
			SetupTypeCache (896ms)
			ReleaseScriptCaches (1ms)
			RebuildScriptCaches (78ms)
			SetupLoadedEditorAssemblies (3122ms)
				LogAssemblyErrors (0ms)
				InitializePlatformSupportModulesInManaged (36ms)
				SetLoadedEditorAssemblies (0ms)
				RefreshPlugins (129ms)
				BeforeProcessingInitializeOnLoad (126ms)
				ProcessInitializeOnLoadAttributes (1633ms)
				ProcessInitializeOnLoadMethodAttributes (1179ms)
				AfterProcessingInitializeOnLoad (20ms)
				EditorAssembliesLoaded (0ms)
			ExecutionOrderSort2 (0ms)
			AwakeInstancesAfterBackupRestoration (11ms)
Platform modules already initialized, skipping
========================================================================
Worker process is ready to serve import requests
Launched and connected shader compiler UnityShaderCompiler.exe after 0.09 seconds
Refreshing native plugins compatible for Editor in 1.28 ms, found 4 plugins.
Preloading 0 native plugins for Editor in 0.00 ms.
Unloading 3922 Unused Serialized files (Serialized files now loaded: 0)
Unloading 43 unused Assets / (225.3 KB). Loaded Objects now: 4371.
Memory consumption went from 147.4 MB to 147.1 MB.
Total: 6.574700 ms (FindLiveObjects: 0.468400 ms CreateObjectMapping: 0.417300 ms MarkObjects: 5.454800 ms  DeleteObjects: 0.232800 ms)

AssetImportParameters requested are different than current active one (requested -> active):
  custom:video-decoder-ogg-theora: a1e56fd34408186e4bbccfd4996cb3dc -> 
  custom:container-muxer-webm: aa71ff27fc2769a1b78a27578f13a17b -> 
  custom:container-demuxer-webm: 4f35f7cbe854078d1ac9338744f61a02 -> 
  custom:video-encoder-webm-vp8: eb34c28f22e8b96e1ab97ce403110664 -> 
  custom:audio-encoder-webm-vorbis: bf7c407c2cedff20999df2af8eb42d56 -> 
  custom:framework-win-MediaFoundation: 216162199b28c13a410421893ffa2e32 -> 
  custom:container-demuxer-ogg: 62fdf1f143b41e24485cea50d1cbac27 -> 
  custom:video-decoder-webm-vp8: 9c59270c3fd7afecdb556c50c9e8de78 -> 
  custom:audio-decoder-ogg-vorbis: bf7c407c2cedff20999df2af8eb42d56 -> 
========================================================================
Received Import Request.
  Time since last request: 13655983.560707 seconds.
  path: Assets/Resources/Assassin.prefab
  artifactKey: Guid(3f0314cd7d6700747a557cdbb23fead1) Importer(815301076,1909f56bfc062723c751e8b465ee728b)
Start importing Assets/Resources/Assassin.prefab using Guid(3f0314cd7d6700747a557cdbb23fead1) Importer(815301076,1909f56bfc062723c751e8b465ee728b)  -> (artifact id: '154734e87763041105f72a4594485e05') in 0.233666 seconds 
========================================================================
Received Import Request.
  Time since last request: 0.000023 seconds.
  path: Assets/Resources/Blood.prefab
  artifactKey: Guid(3cb97190f08f9634084dc5e645dd9d7e) Importer(815301076,1909f56bfc062723c751e8b465ee728b)
Start importing Assets/Resources/Blood.prefab using Guid(3cb97190f08f9634084dc5e645dd9d7e) Importer(815301076,1909f56bfc062723c751e8b465ee728b)  -> (artifact id: '865d1b40ef07372a65a6be2b42610fab') in 0.070507 seconds 
========================================================================
Received Import Request.
  Time since last request: 0.000034 seconds.
  path: Assets/Resources/Farmer.prefab
  artifactKey: Guid(732a6d4f97a9179478fd0c6eff4b8b4c) Importer(815301076,1909f56bfc062723c751e8b465ee728b)
Start importing Assets/Resources/Farmer.prefab using Guid(732a6d4f97a9179478fd0c6eff4b8b4c) Importer(815301076,1909f56bfc062723c751e8b465ee728b)  -> (artifact id: 'afbb7765f7a1d8f9fa38bd84f90d8495') in 0.062205 seconds 
========================================================================
Received Import Request.
  Time since last request: 12.520423 seconds.
  path: Assets/Resources/Farmer.prefab
  artifactKey: Guid(732a6d4f97a9179478fd0c6eff4b8b4c) Importer(815301076,1909f56bfc062723c751e8b465ee728b)
Start importing Assets/Resources/Farmer.prefab using Guid(732a6d4f97a9179478fd0c6eff4b8b4c) Importer(815301076,1909f56bfc062723c751e8b465ee728b)  -> (artifact id: 'dba14ec51accf484de9ba2e35465193f') in 0.020327 seconds 
========================================================================
Received Import Request.
  Time since last request: 11.829005 seconds.
  path: Assets/Resources/Farmer.prefab
  artifactKey: Guid(732a6d4f97a9179478fd0c6eff4b8b4c) Importer(815301076,1909f56bfc062723c751e8b465ee728b)
Start importing Assets/Resources/Farmer.prefab using Guid(732a6d4f97a9179478fd0c6eff4b8b4c) Importer(815301076,1909f56bfc062723c751e8b465ee728b)  -> (artifact id: 'e5a9e146896bdab28300216e7036935c') in 0.019429 seconds 
========================================================================
Received Import Request.
  Time since last request: 11.481524 seconds.
  path: Assets/Resources/Farmer.prefab
  artifactKey: Guid(732a6d4f97a9179478fd0c6eff4b8b4c) Importer(815301076,1909f56bfc062723c751e8b465ee728b)
Start importing Assets/Resources/Farmer.prefab using Guid(732a6d4f97a9179478fd0c6eff4b8b4c) Importer(815301076,1909f56bfc062723c751e8b465ee728b)  -> (artifact id: '1ee3058ec2feeb7bcd4133e4b20e4199') in 0.018411 seconds 
========================================================================
Received Import Request.
  Time since last request: 16.140422 seconds.
  path: Assets/Resources/Farmer.prefab
  artifactKey: Guid(732a6d4f97a9179478fd0c6eff4b8b4c) Importer(815301076,1909f56bfc062723c751e8b465ee728b)
Start importing Assets/Resources/Farmer.prefab using Guid(732a6d4f97a9179478fd0c6eff4b8b4c) Importer(815301076,1909f56bfc062723c751e8b465ee728b)  -> (artifact id: 'c52b5b5964e8aa79bddf13c58c013648') in 0.022227 seconds 
========================================================================
Received Import Request.
  Time since last request: 31.733568 seconds.
  path: Assets/Resources/Assassin.prefab
  artifactKey: Guid(3f0314cd7d6700747a557cdbb23fead1) Importer(815301076,1909f56bfc062723c751e8b465ee728b)
Start importing Assets/Resources/Assassin.prefab using Guid(3f0314cd7d6700747a557cdbb23fead1) Importer(815301076,1909f56bfc062723c751e8b465ee728b)  -> (artifact id: '1f893a5d672e8957411ef5d884e23cd7') in 0.020460 seconds 
========================================================================
Received Import Request.
  Time since last request: 11.250449 seconds.
  path: Assets/Resources/Assassin.prefab
  artifactKey: Guid(3f0314cd7d6700747a557cdbb23fead1) Importer(815301076,1909f56bfc062723c751e8b465ee728b)
Start importing Assets/Resources/Assassin.prefab using Guid(3f0314cd7d6700747a557cdbb23fead1) Importer(815301076,1909f56bfc062723c751e8b465ee728b)  -> (artifact id: '4e6c7debd9e5efbeb57053e4eb12b99f') in 0.019780 seconds 
========================================================================
Received Import Request.
  Time since last request: 22.656420 seconds.
  path: Assets/Resources/Farmer.prefab
  artifactKey: Guid(732a6d4f97a9179478fd0c6eff4b8b4c) Importer(815301076,1909f56bfc062723c751e8b465ee728b)
Start importing Assets/Resources/Farmer.prefab using Guid(732a6d4f97a9179478fd0c6eff4b8b4c) Importer(815301076,1909f56bfc062723c751e8b465ee728b)  -> (artifact id: '1ba4d669279fd3ca4e3489749611e6df') in 0.024553 seconds 
========================================================================
Received Import Request.
  Time since last request: 11.035451 seconds.
  path: Assets/Resources/Farmer.prefab
  artifactKey: Guid(732a6d4f97a9179478fd0c6eff4b8b4c) Importer(815301076,1909f56bfc062723c751e8b465ee728b)
Start importing Assets/Resources/Farmer.prefab using Guid(732a6d4f97a9179478fd0c6eff4b8b4c) Importer(815301076,1909f56bfc062723c751e8b465ee728b)  -> (artifact id: '30e847d7a78995c2e9ed293103eace06') in 0.021024 seconds 
========================================================================
Received Import Request.
  Time since last request: 9.048985 seconds.
  path: Assets/Resources/Farmer.prefab
  artifactKey: Guid(732a6d4f97a9179478fd0c6eff4b8b4c) Importer(815301076,1909f56bfc062723c751e8b465ee728b)
Start importing Assets/Resources/Farmer.prefab using Guid(732a6d4f97a9179478fd0c6eff4b8b4c) Importer(815301076,1909f56bfc062723c751e8b465ee728b)  -> (artifact id: '85e727cc29a490e4a80df7c5f9c578dc') in 0.019502 seconds 
========================================================================
Received Import Request.
  Time since last request: 6.831716 seconds.
  path: Assets/Resources/Farmer.prefab
  artifactKey: Guid(732a6d4f97a9179478fd0c6eff4b8b4c) Importer(815301076,1909f56bfc062723c751e8b465ee728b)
Start importing Assets/Resources/Farmer.prefab using Guid(732a6d4f97a9179478fd0c6eff4b8b4c) Importer(815301076,1909f56bfc062723c751e8b465ee728b)  -> (artifact id: 'a8b31dd72f06f4ccc9dc28912f614990') in 0.019475 seconds 
========================================================================
Received Import Request.
  Time since last request: 7.846080 seconds.
  path: Assets/Resources/Farmer.prefab
  artifactKey: Guid(732a6d4f97a9179478fd0c6eff4b8b4c) Importer(815301076,1909f56bfc062723c751e8b465ee728b)
Start importing Assets/Resources/Farmer.prefab using Guid(732a6d4f97a9179478fd0c6eff4b8b4c) Importer(815301076,1909f56bfc062723c751e8b465ee728b)  -> (artifact id: 'd6ae57ff73fb381a5f1d83bda632fc13') in 0.021579 seconds 
========================================================================
Received Import Request.
  Time since last request: 25.440474 seconds.
  path: Assets/Resources/Farmer.prefab
  artifactKey: Guid(732a6d4f97a9179478fd0c6eff4b8b4c) Importer(815301076,1909f56bfc062723c751e8b465ee728b)
Start importing Assets/Resources/Farmer.prefab using Guid(732a6d4f97a9179478fd0c6eff4b8b4c) Importer(815301076,1909f56bfc062723c751e8b465ee728b)  -> (artifact id: '3a6308d2988d7a02a6a0127ab796f5e7') in 0.022293 seconds 
========================================================================
Received Import Request.
  Time since last request: 3.164721 seconds.
  path: Assets/Resources/Farmer.prefab
  artifactKey: Guid(732a6d4f97a9179478fd0c6eff4b8b4c) Importer(815301076,1909f56bfc062723c751e8b465ee728b)
Start importing Assets/Resources/Farmer.prefab using Guid(732a6d4f97a9179478fd0c6eff4b8b4c) Importer(815301076,1909f56bfc062723c751e8b465ee728b)  -> (artifact id: '1cdabf4eedd2aafe772a33d00255842d') in 0.018708 seconds 
========================================================================
Received Import Request.
  Time since last request: 4.620813 seconds.
  path: Assets/Resources/Farmer.prefab
  artifactKey: Guid(732a6d4f97a9179478fd0c6eff4b8b4c) Importer(815301076,1909f56bfc062723c751e8b465ee728b)
Start importing Assets/Resources/Farmer.prefab using Guid(732a6d4f97a9179478fd0c6eff4b8b4c) Importer(815301076,1909f56bfc062723c751e8b465ee728b)  -> (artifact id: 'a8c9770044991956e83167b0f0cab595') in 0.019800 seconds 
========================================================================
Received Import Request.
  Time since last request: 128.023659 seconds.
  path: Assets/Resources/Farmer.prefab
  artifactKey: Guid(732a6d4f97a9179478fd0c6eff4b8b4c) Importer(815301076,1909f56bfc062723c751e8b465ee728b)
Start importing Assets/Resources/Farmer.prefab using Guid(732a6d4f97a9179478fd0c6eff4b8b4c) Importer(815301076,1909f56bfc062723c751e8b465ee728b)  -> (artifact id: '9ad9c306319d154b7b9f6c3fb8dcf8e9') in 0.021920 seconds 
========================================================================
Received Import Request.
  Time since last request: 17.303138 seconds.
  path: Assets/Resources/Farmer.prefab
  artifactKey: Guid(732a6d4f97a9179478fd0c6eff4b8b4c) Importer(815301076,1909f56bfc062723c751e8b465ee728b)
Start importing Assets/Resources/Farmer.prefab using Guid(732a6d4f97a9179478fd0c6eff4b8b4c) Importer(815301076,1909f56bfc062723c751e8b465ee728b)  -> (artifact id: '07cfe7e4ddc7e85788d6871601d09f96') in 0.021724 seconds 
========================================================================
Received Prepare
Registering precompiled user dll's ...
Registered in 0.009917 seconds.
Begin MonoManager ReloadAssembly
Symbol file LoadedFromMemory doesn't match image C:\Unity Projects\Dojo Death\Library\PackageCache\com.unity.visualscripting@1.7.6\Editor\VisualScripting.Core\Dependencies\YamlDotNet\Unity.VisualScripting.YamlDotNet.dll
Symbol file LoadedFromMemory doesn't match image C:\Unity Projects\Dojo Death\Library\PackageCache\com.unity.visualscripting@1.7.6\Editor\VisualScripting.Core\Dependencies\DotNetZip\Unity.VisualScripting.IonicZip.dll
Native extension for Lumin target not found
Native extension for LinuxStandalone target not found
Native extension for WindowsStandalone target not found
Native extension for OSXStandalone target not found
Native extension for WebGL target not found
Refreshing native plugins compatible for Editor in 0.80 ms, found 4 plugins.
Preloading 0 native plugins for Editor in 0.00 ms.
Mono: successfully reloaded assembly
- Completed reload, in  1.448 seconds
Domain Reload Profiling:
	ReloadAssembly (1448ms)
		BeginReloadAssembly (214ms)
			ExecutionOrderSort (0ms)
			DisableScriptedObjects (9ms)
			BackupInstance (0ms)
			ReleaseScriptingObjects (0ms)
			CreateAndSetChildDomain (50ms)
		EndReloadAssembly (1093ms)
			LoadAssemblies (141ms)
			RebuildTransferFunctionScriptingTraits (0ms)
			SetupTypeCache (277ms)
			ReleaseScriptCaches (1ms)
			RebuildScriptCaches (57ms)
			SetupLoadedEditorAssemblies (570ms)
				LogAssemblyErrors (0ms)
				InitializePlatformSupportModulesInManaged (39ms)
				SetLoadedEditorAssemblies (1ms)
				RefreshPlugins (1ms)
				BeforeProcessingInitializeOnLoad (107ms)
				ProcessInitializeOnLoadAttributes (368ms)
				ProcessInitializeOnLoadMethodAttributes (34ms)
				AfterProcessingInitializeOnLoad (21ms)
				EditorAssembliesLoaded (0ms)
			ExecutionOrderSort2 (0ms)
			AwakeInstancesAfterBackupRestoration (13ms)
Platform modules already initialized, skipping
Switching build target platform(19) subTarget(0) extendedPlatform(0) -> platform(13) subTarget(0) extendedPlatform(0)
Refreshing native plugins compatible for Editor in 1.56 ms, found 4 plugins.
Preloading 0 native plugins for Editor in 0.00 ms.
Unloading 3920 Unused Serialized files (Serialized files now loaded: 0)
Unloading 32 unused Assets / (192.3 KB). Loaded Objects now: 4379.
Memory consumption went from 152.3 MB to 152.1 MB.
Total: 5.579100 ms (FindLiveObjects: 0.476200 ms CreateObjectMapping: 0.380100 ms MarkObjects: 4.494800 ms  DeleteObjects: 0.226700 ms)

AssetImportParameters requested are different than current active one (requested -> active):
  custom:video-decoder-ogg-theora: a1e56fd34408186e4bbccfd4996cb3dc -> 
  custom:container-muxer-webm: aa71ff27fc2769a1b78a27578f13a17b -> 
  custom:container-demuxer-webm: 4f35f7cbe854078d1ac9338744f61a02 -> 
  custom:video-encoder-webm-vp8: eb34c28f22e8b96e1ab97ce403110664 -> 
  custom:audio-encoder-webm-vorbis: bf7c407c2cedff20999df2af8eb42d56 -> 
  custom:framework-win-MediaFoundation: 216162199b28c13a410421893ffa2e32 -> 
  custom:container-demuxer-ogg: 62fdf1f143b41e24485cea50d1cbac27 -> 
  custom:video-decoder-webm-vp8: 9c59270c3fd7afecdb556c50c9e8de78 -> 
  custom:audio-decoder-ogg-vorbis: bf7c407c2cedff20999df2af8eb42d56 -> 
========================================================================
Received Import Request.
  Time since last request: 279.609137 seconds.
  path: Assets/Animations/TrowerAttack.anim
  artifactKey: Guid(5fcbae184b9f4864ab58b3fe99aa06f5) Importer(815301076,1909f56bfc062723c751e8b465ee728b)
Start importing Assets/Animations/TrowerAttack.anim using Guid(5fcbae184b9f4864ab58b3fe99aa06f5) Importer(815301076,1909f56bfc062723c751e8b465ee728b)  -> (artifact id: 'a50c584c2f6ccad4680ec81bcba14fa4') in 0.022302 seconds 
========================================================================
Received Import Request.
  Time since last request: 61.562869 seconds.
  path: Assets/Resources/Thrower.prefab
  artifactKey: Guid(6a71ad10012a25b4983117a57094746a) Importer(815301076,1909f56bfc062723c751e8b465ee728b)
Start importing Assets/Resources/Thrower.prefab using Guid(6a71ad10012a25b4983117a57094746a) Importer(815301076,1909f56bfc062723c751e8b465ee728b)  -> (artifact id: '5be414ddd38de1644a7a7b040d59b1ec') in 0.070878 seconds 
========================================================================
Received Import Request.
  Time since last request: 12.582488 seconds.
  path: Assets/Resources/Farmer.prefab
  artifactKey: Guid(732a6d4f97a9179478fd0c6eff4b8b4c) Importer(815301076,1909f56bfc062723c751e8b465ee728b)
Start importing Assets/Resources/Farmer.prefab using Guid(732a6d4f97a9179478fd0c6eff4b8b4c) Importer(815301076,1909f56bfc062723c751e8b465ee728b)  -> (artifact id: '5ec4d227b68b809d6a382aecc67c4c10') in 0.023368 seconds 
========================================================================
Received Import Request.
  Time since last request: 215.240298 seconds.
  path: Assets/Resources/Farmer.prefab
  artifactKey: Guid(732a6d4f97a9179478fd0c6eff4b8b4c) Importer(815301076,1909f56bfc062723c751e8b465ee728b)
Start importing Assets/Resources/Farmer.prefab using Guid(732a6d4f97a9179478fd0c6eff4b8b4c) Importer(815301076,1909f56bfc062723c751e8b465ee728b)  -> (artifact id: '51c3df249d216c19790854f619e21316') in 0.024924 seconds 
========================================================================
Received Import Request.
  Time since last request: 6.210947 seconds.
  path: Assets/Resources/Farmer.prefab
  artifactKey: Guid(732a6d4f97a9179478fd0c6eff4b8b4c) Importer(815301076,1909f56bfc062723c751e8b465ee728b)
Start importing Assets/Resources/Farmer.prefab using Guid(732a6d4f97a9179478fd0c6eff4b8b4c) Importer(815301076,1909f56bfc062723c751e8b465ee728b)  -> (artifact id: '3e73731a49cc234c2bfb81d67bfdb6a7') in 0.021523 seconds 
========================================================================
Received Import Request.
  Time since last request: 406.956186 seconds.
  path: Assets/Resources/Assassin.prefab
  artifactKey: Guid(3f0314cd7d6700747a557cdbb23fead1) Importer(815301076,1909f56bfc062723c751e8b465ee728b)
Start importing Assets/Resources/Assassin.prefab using Guid(3f0314cd7d6700747a557cdbb23fead1) Importer(815301076,1909f56bfc062723c751e8b465ee728b)  -> (artifact id: '27219d3b660c1bd7685f8c317ce79b75') in 0.029232 seconds 
========================================================================
Received Import Request.
  Time since last request: 1.843450 seconds.
  path: Assets/Resources/Assassin.prefab
  artifactKey: Guid(3f0314cd7d6700747a557cdbb23fead1) Importer(815301076,1909f56bfc062723c751e8b465ee728b)
Start importing Assets/Resources/Assassin.prefab using Guid(3f0314cd7d6700747a557cdbb23fead1) Importer(815301076,1909f56bfc062723c751e8b465ee728b)  -> (artifact id: '616b8563c7e824a0c6fe1657eb468a21') in 0.013246 seconds 
========================================================================
Received Import Request.
  Time since last request: 348.986992 seconds.
  path: Assets/Animations/Assassin.controller
  artifactKey: Guid(e780c6b5f1692ae4d8a2475f13396859) Importer(815301076,1909f56bfc062723c751e8b465ee728b)
Start importing Assets/Animations/Assassin.controller using Guid(e780c6b5f1692ae4d8a2475f13396859) Importer(815301076,1909f56bfc062723c751e8b465ee728b)  -> (artifact id: 'f094b1de7ca18901fbc267d3006b4dca') in 0.006086 seconds 
========================================================================
Received Import Request.
  Time since last request: 14.477842 seconds.
  path: Assets/Animations/Walk.anim
  artifactKey: Guid(8d265e6f25b39554491ef6886159eb2c) Importer(815301076,1909f56bfc062723c751e8b465ee728b)
Start importing Assets/Animations/Walk.anim using Guid(8d265e6f25b39554491ef6886159eb2c) Importer(815301076,1909f56bfc062723c751e8b465ee728b)  -> (artifact id: '53bee67c8281446a9aba66ac8cfa0e3d') in 0.009211 seconds 
