Using pre-set license
Built from '2021.2/staging' branch; Version is '2021.2.7f1 (6bd9e232123f) revision 7068130'; Using compiler version '192829333'; Build Type 'Release'
OS: 'Windows 10  (10.0.18362) 64bit CoreSingleLanguage' Language: 'ru' Physical Memory: 16266 MB
BatchMode: 1, IsHumanControllingUs: 0, StartBugReporterOnCrash: 0, Is64bit: 1, IsPro: 0

COMMAND LINE ARGUMENTS:
D:\Program Files\Unity\Editor\2021.2.7f1\Editor\Unity.exe
-adb2
-batchMode
-noUpm
-name
AssetImportWorker0
-projectPath
C:/Unity Projects/Dojo Death
-logFile
Logs/AssetImportWorker0.log
-srvPort
61993
Successfully changed project path to: C:/Unity Projects/Dojo Death
C:/Unity Projects/Dojo Death
[UnityMemory] Configuration Parameters - Can be set up in boot.config
    "memorysetup-bucket-allocator-granularity=16"
    "memorysetup-bucket-allocator-bucket-count=8"
    "memorysetup-bucket-allocator-block-size=33554432"
    "memorysetup-bucket-allocator-block-count=8"
    "memorysetup-main-allocator-block-size=16777216"
    "memorysetup-thread-allocator-block-size=16777216"
    "memorysetup-gfx-main-allocator-block-size=16777216"
    "memorysetup-gfx-thread-allocator-block-size=16777216"
    "memorysetup-cache-allocator-block-size=4194304"
    "memorysetup-typetree-allocator-block-size=2097152"
    "memorysetup-profiler-bucket-allocator-granularity=16"
    "memorysetup-profiler-bucket-allocator-bucket-count=8"
    "memorysetup-profiler-bucket-allocator-block-size=33554432"
    "memorysetup-profiler-bucket-allocator-block-count=8"
    "memorysetup-profiler-allocator-block-size=16777216"
    "memorysetup-profiler-editor-allocator-block-size=1048576"
    "memorysetup-temp-allocator-size-main=16777216"
    "memorysetup-job-temp-allocator-block-size=2097152"
    "memorysetup-job-temp-allocator-block-size-background=1048576"
    "memorysetup-job-temp-allocator-reduction-small-platforms=262144"
    "memorysetup-temp-allocator-size-background-worker=32768"
    "memorysetup-temp-allocator-size-job-worker=262144"
    "memorysetup-temp-allocator-size-preload-manager=33554432"
    "memorysetup-temp-allocator-size-nav-mesh-worker=65536"
    "memorysetup-temp-allocator-size-audio-worker=65536"
    "memorysetup-temp-allocator-size-cloud-worker=32768"
    "memorysetup-temp-allocator-size-gi-baking-worker=262144"
    "memorysetup-temp-allocator-size-gfx=262144"
Refreshing native plugins compatible for Editor in 139.48 ms, found 4 plugins.
Preloading 0 native plugins for Editor in 0.00 ms.
Initialize engine version: 2021.2.7f1 (6bd9e232123f)
[Subsystems] Discovering subsystems at path D:/Program Files/Unity/Editor/2021.2.7f1/Editor/Data/Resources/UnitySubsystems
[Subsystems] Discovering subsystems at path C:/Unity Projects/Dojo Death/Assets
GfxDevice: creating device client; threaded=0; jobified=0
Direct3D:
    Version:  Direct3D 11.0 [level 11.1]
    Renderer: NVIDIA GeForce GTX 1050 (ID=0x1c8d)
    Vendor:   NVIDIA
    VRAM:     1979 MB
    Driver:   30.0.14.9649
Initialize mono
Mono path[0] = 'D:/Program Files/Unity/Editor/2021.2.7f1/Editor/Data/Managed'
Mono path[1] = 'D:/Program Files/Unity/Editor/2021.2.7f1/Editor/Data/MonoBleedingEdge/lib/mono/unityjit-win32'
Mono config path = 'D:/Program Files/Unity/Editor/2021.2.7f1/Editor/Data/MonoBleedingEdge/etc'
Using monoOptions --debugger-agent=transport=dt_socket,embedding=1,server=y,suspend=n,address=127.0.0.1:56476
Begin MonoManager ReloadAssembly
Registering precompiled unity dll's ...
Register platform support module: D:/Program Files/Unity/Editor/2021.2.7f1/Editor/Data/PlaybackEngines/WebGLSupport/UnityEditor.WebGL.Extensions.dll
Register platform support module: D:/Program Files/Unity/Editor/2021.2.7f1/Editor/Data/PlaybackEngines/MacStandaloneSupport/UnityEditor.OSXStandalone.Extensions.dll
Register platform support module: D:/Program Files/Unity/Editor/2021.2.7f1/Editor/Data/PlaybackEngines/WindowsStandaloneSupport/UnityEditor.WindowsStandalone.Extensions.dll
Register platform support module: D:/Program Files/Unity/Editor/2021.2.7f1/Editor/Data/PlaybackEngines/LinuxStandaloneSupport/UnityEditor.LinuxStandalone.Extensions.dll
Register platform support module: D:/Program Files/Unity/Editor/2021.2.7f1/Editor/Data/PlaybackEngines/LuminSupport/UnityEditor.Lumin.Extensions.dll
Registered in 0.029041 seconds.
Native extension for Lumin target not found
Native extension for LinuxStandalone target not found
Native extension for WindowsStandalone target not found
Native extension for OSXStandalone target not found
Native extension for WebGL target not found
Refreshing native plugins compatible for Editor in 122.65 ms, found 4 plugins.
Preloading 0 native plugins for Editor in 0.00 ms.
Mono: successfully reloaded assembly
- Completed reload, in  0.993 seconds
Domain Reload Profiling:
	ReloadAssembly (993ms)
		BeginReloadAssembly (141ms)
			ExecutionOrderSort (0ms)
			DisableScriptedObjects (0ms)
			BackupInstance (0ms)
			ReleaseScriptingObjects (0ms)
			CreateAndSetChildDomain (1ms)
		EndReloadAssembly (709ms)
			LoadAssemblies (138ms)
			RebuildTransferFunctionScriptingTraits (0ms)
			SetupTypeCache (139ms)
			ReleaseScriptCaches (0ms)
			RebuildScriptCaches (39ms)
			SetupLoadedEditorAssemblies (412ms)
				LogAssemblyErrors (0ms)
				InitializePlatformSupportModulesInManaged (39ms)
				SetLoadedEditorAssemblies (1ms)
				RefreshPlugins (123ms)
				BeforeProcessingInitializeOnLoad (2ms)
				ProcessInitializeOnLoadAttributes (187ms)
				ProcessInitializeOnLoadMethodAttributes (61ms)
				AfterProcessingInitializeOnLoad (0ms)
				EditorAssembliesLoaded (0ms)
			ExecutionOrderSort2 (0ms)
			AwakeInstancesAfterBackupRestoration (0ms)
Platform modules already initialized, skipping
Registering precompiled user dll's ...
Registered in 0.011472 seconds.
Begin MonoManager ReloadAssembly
Symbol file LoadedFromMemory doesn't match image C:\Unity Projects\Dojo Death\Library\PackageCache\com.unity.visualscripting@1.7.6\Editor\VisualScripting.Core\Dependencies\YamlDotNet\Unity.VisualScripting.YamlDotNet.dll
Symbol file LoadedFromMemory doesn't match image C:\Unity Projects\Dojo Death\Library\PackageCache\com.unity.visualscripting@1.7.6\Editor\VisualScripting.Core\Dependencies\DotNetZip\Unity.VisualScripting.IonicZip.dll
Native extension for Lumin target not found
Native extension for LinuxStandalone target not found
Native extension for WindowsStandalone target not found
Native extension for OSXStandalone target not found
Native extension for WebGL target not found
Refreshing native plugins compatible for Editor in 117.09 ms, found 4 plugins.
Preloading 0 native plugins for Editor in 0.00 ms.
Mono: successfully reloaded assembly
- Completed reload, in  2.477 seconds
Domain Reload Profiling:
	ReloadAssembly (2479ms)
		BeginReloadAssembly (191ms)
			ExecutionOrderSort (0ms)
			DisableScriptedObjects (9ms)
			BackupInstance (0ms)
			ReleaseScriptingObjects (0ms)
			CreateAndSetChildDomain (24ms)
		EndReloadAssembly (2136ms)
			LoadAssemblies (163ms)
			RebuildTransferFunctionScriptingTraits (0ms)
			SetupTypeCache (352ms)
			ReleaseScriptCaches (1ms)
			RebuildScriptCaches (70ms)
			SetupLoadedEditorAssemblies (1497ms)
				LogAssemblyErrors (0ms)
				InitializePlatformSupportModulesInManaged (31ms)
				SetLoadedEditorAssemblies (0ms)
				RefreshPlugins (117ms)
				BeforeProcessingInitializeOnLoad (140ms)
				ProcessInitializeOnLoadAttributes (1133ms)
				ProcessInitializeOnLoadMethodAttributes (51ms)
				AfterProcessingInitializeOnLoad (24ms)
				EditorAssembliesLoaded (0ms)
			ExecutionOrderSort2 (0ms)
			AwakeInstancesAfterBackupRestoration (11ms)
Platform modules already initialized, skipping
========================================================================
Worker process is ready to serve import requests
Launched and connected shader compiler UnityShaderCompiler.exe after 0.08 seconds
Refreshing native plugins compatible for Editor in 1.30 ms, found 4 plugins.
Preloading 0 native plugins for Editor in 0.00 ms.
Unloading 3922 Unused Serialized files (Serialized files now loaded: 0)
Unloading 43 unused Assets / (225.3 KB). Loaded Objects now: 4371.
Memory consumption went from 147.3 MB to 147.1 MB.
Total: 4.322000 ms (FindLiveObjects: 0.484300 ms CreateObjectMapping: 0.445000 ms MarkObjects: 3.208600 ms  DeleteObjects: 0.182500 ms)

AssetImportParameters requested are different than current active one (requested -> active):
  custom:video-decoder-ogg-theora: a1e56fd34408186e4bbccfd4996cb3dc -> 
  custom:container-muxer-webm: aa71ff27fc2769a1b78a27578f13a17b -> 
  custom:container-demuxer-webm: 4f35f7cbe854078d1ac9338744f61a02 -> 
  custom:video-encoder-webm-vp8: eb34c28f22e8b96e1ab97ce403110664 -> 
  custom:audio-encoder-webm-vorbis: bf7c407c2cedff20999df2af8eb42d56 -> 
  custom:framework-win-MediaFoundation: 216162199b28c13a410421893ffa2e32 -> 
  custom:container-demuxer-ogg: 62fdf1f143b41e24485cea50d1cbac27 -> 
  custom:video-decoder-webm-vp8: 9c59270c3fd7afecdb556c50c9e8de78 -> 
  custom:audio-decoder-ogg-vorbis: bf7c407c2cedff20999df2af8eb42d56 -> 
========================================================================
Received Import Request.
  Time since last request: 13546972.940359 seconds.
  path: Assets/Resources/Farmer.prefab
  artifactKey: Guid(8976b4d493154b84f9809d92c66df130) Importer(815301076,1909f56bfc062723c751e8b465ee728b)
Start importing Assets/Resources/Farmer.prefab using Guid(8976b4d493154b84f9809d92c66df130) Importer(815301076,1909f56bfc062723c751e8b465ee728b)  -> (artifact id: '97c874549e4db720bbc6db7ac72a5f2c') in 0.577607 seconds 
========================================================================
Received Import Request.
  Time since last request: 32.775759 seconds.
  path: Assets/Sprites/Arrow.png
  artifactKey: Guid(5781aaf848b43354b8d91d02dae9a32d) Importer(815301076,1909f56bfc062723c751e8b465ee728b)
Start importing Assets/Sprites/Arrow.png using Guid(5781aaf848b43354b8d91d02dae9a32d) Importer(815301076,1909f56bfc062723c751e8b465ee728b)  -> (artifact id: 'c489ac6ac85a003797e8b9658e4ecf5d') in 0.123619 seconds 
========================================================================
Received Import Request.
  Time since last request: 0.000030 seconds.
  path: Assets/Sprites/Ninja.png
  artifactKey: Guid(31ebe624e17499445b4b1150b42a8e05) Importer(815301076,1909f56bfc062723c751e8b465ee728b)
Start importing Assets/Sprites/Ninja.png using Guid(31ebe624e17499445b4b1150b42a8e05) Importer(815301076,1909f56bfc062723c751e8b465ee728b)  -> (artifact id: '7b4078dd68f7ce1893ea50ed295a0183') in 0.023428 seconds 
========================================================================
Received Import Request.
  Time since last request: 0.000033 seconds.
  path: Assets/Sprites/KunaiThrower.png
  artifactKey: Guid(7b6e53412a077fe43be4c107a9ef482c) Importer(815301076,1909f56bfc062723c751e8b465ee728b)
Start importing Assets/Sprites/KunaiThrower.png using Guid(7b6e53412a077fe43be4c107a9ef482c) Importer(815301076,1909f56bfc062723c751e8b465ee728b)  -> (artifact id: 'c4edc156e188a535b0e788dabfcefa4e') in 0.022263 seconds 
========================================================================
Received Import Request.
  Time since last request: 0.000027 seconds.
  path: Assets/Sprites/Pitchfork.png
  artifactKey: Guid(b727dfbce1dd69849bba6637cc4c5e03) Importer(815301076,1909f56bfc062723c751e8b465ee728b)
Start importing Assets/Sprites/Pitchfork.png using Guid(b727dfbce1dd69849bba6637cc4c5e03) Importer(815301076,1909f56bfc062723c751e8b465ee728b)  -> (artifact id: 'd417ed7d929cd955d953289dac7cdaa8') in 0.032311 seconds 
========================================================================
Received Import Request.
  Time since last request: 0.000027 seconds.
  path: Assets/Sprites/VillagerHand.png
  artifactKey: Guid(a54e6ed9f2570074b947d29b90173733) Importer(815301076,1909f56bfc062723c751e8b465ee728b)
Start importing Assets/Sprites/VillagerHand.png using Guid(a54e6ed9f2570074b947d29b90173733) Importer(815301076,1909f56bfc062723c751e8b465ee728b)  -> (artifact id: 'e9ab508986a1b57e6161ee2193d55f48') in 0.026011 seconds 
========================================================================
Received Import Request.
  Time since last request: 0.000027 seconds.
  path: Assets/Sprites/Villager.png
  artifactKey: Guid(ad3e261659cb57d40ab56d68b148b461) Importer(815301076,1909f56bfc062723c751e8b465ee728b)
Start importing Assets/Sprites/Villager.png using Guid(ad3e261659cb57d40ab56d68b148b461) Importer(815301076,1909f56bfc062723c751e8b465ee728b)  -> (artifact id: '07f8ed914f73e28c9717c02c255bfc9e') in 0.017895 seconds 
========================================================================
Received Import Request.
  Time since last request: 1730.922565 seconds.
  path: Assets/Sprites/Blood/Frame001.png
  artifactKey: Guid(026067911b3162247a2b5a6433ebd06e) Importer(815301076,1909f56bfc062723c751e8b465ee728b)
Start importing Assets/Sprites/Blood/Frame001.png using Guid(026067911b3162247a2b5a6433ebd06e) Importer(815301076,1909f56bfc062723c751e8b465ee728b)  -> (artifact id: 'e3ab00f276bfbe166dda0ad3b04de3ee') in 0.132826 seconds 
========================================================================
Received Import Request.
  Time since last request: 0.000032 seconds.
  path: Assets/Sprites/Blood/Frame003.png
  artifactKey: Guid(2a4eb3bf1a140504f83ed27356a42f86) Importer(815301076,1909f56bfc062723c751e8b465ee728b)
Start importing Assets/Sprites/Blood/Frame003.png using Guid(2a4eb3bf1a140504f83ed27356a42f86) Importer(815301076,1909f56bfc062723c751e8b465ee728b)  -> (artifact id: 'ad52adc5c4e58c72026b94561a0f6c8f') in 0.037806 seconds 
========================================================================
Received Import Request.
  Time since last request: 17.610620 seconds.
  path: Assets/Resources/Assassin.prefab
  artifactKey: Guid(9c80f50a4b7531c4bba60627a207d109) Importer(815301076,1909f56bfc062723c751e8b465ee728b)
Start importing Assets/Resources/Assassin.prefab using Guid(9c80f50a4b7531c4bba60627a207d109) Importer(815301076,1909f56bfc062723c751e8b465ee728b)  -> (artifact id: '001727c49f8f03791ea838df68b26bc5') in 0.038615 seconds 
========================================================================
Received Import Request.
  Time since last request: 133.073913 seconds.
  path: Assets/Resources/Assassin.prefab
  artifactKey: Guid(9c80f50a4b7531c4bba60627a207d109) Importer(815301076,1909f56bfc062723c751e8b465ee728b)
Start importing Assets/Resources/Assassin.prefab using Guid(9c80f50a4b7531c4bba60627a207d109) Importer(815301076,1909f56bfc062723c751e8b465ee728b)  -> (artifact id: '001727c49f8f03791ea838df68b26bc5') in 0.015634 seconds 
========================================================================
Received Import Request.
  Time since last request: 0.000023 seconds.
  path: Assets/Resources/Thrower.prefab
  artifactKey: Guid(2fa5851cd7a5388498e813a22ae9b2fc) Importer(815301076,1909f56bfc062723c751e8b465ee728b)
Start importing Assets/Resources/Thrower.prefab using Guid(2fa5851cd7a5388498e813a22ae9b2fc) Importer(815301076,1909f56bfc062723c751e8b465ee728b)  -> (artifact id: '5f6ff5c0fb6487c98328425440924550') in 0.016188 seconds 
========================================================================
Received Import Request.
  Time since last request: 8.799076 seconds.
  path: Assets/Resources/Assassin.prefab
  artifactKey: Guid(9c80f50a4b7531c4bba60627a207d109) Importer(815301076,1909f56bfc062723c751e8b465ee728b)
Start importing Assets/Resources/Assassin.prefab using Guid(9c80f50a4b7531c4bba60627a207d109) Importer(815301076,1909f56bfc062723c751e8b465ee728b)  -> (artifact id: '001727c49f8f03791ea838df68b26bc5') in 0.018761 seconds 
========================================================================
Received Import Request.
  Time since last request: 3.833152 seconds.
  path: Assets/Resources/Assassin.prefab
  artifactKey: Guid(9c80f50a4b7531c4bba60627a207d109) Importer(815301076,1909f56bfc062723c751e8b465ee728b)
Start importing Assets/Resources/Assassin.prefab using Guid(9c80f50a4b7531c4bba60627a207d109) Importer(815301076,1909f56bfc062723c751e8b465ee728b)  -> (artifact id: '001727c49f8f03791ea838df68b26bc5') in 0.014432 seconds 
========================================================================
Received Import Request.
  Time since last request: 0.000023 seconds.
  path: Assets/Resources/Thrower.prefab
  artifactKey: Guid(2fa5851cd7a5388498e813a22ae9b2fc) Importer(815301076,1909f56bfc062723c751e8b465ee728b)
Start importing Assets/Resources/Thrower.prefab using Guid(2fa5851cd7a5388498e813a22ae9b2fc) Importer(815301076,1909f56bfc062723c751e8b465ee728b)  -> (artifact id: '5f6ff5c0fb6487c98328425440924550') in 0.012818 seconds 
========================================================================
Received Import Request.
  Time since last request: 12.041364 seconds.
  path: Assets/Resources/Assassin.prefab
  artifactKey: Guid(9c80f50a4b7531c4bba60627a207d109) Importer(815301076,1909f56bfc062723c751e8b465ee728b)
Start importing Assets/Resources/Assassin.prefab using Guid(9c80f50a4b7531c4bba60627a207d109) Importer(815301076,1909f56bfc062723c751e8b465ee728b)  -> (artifact id: '001727c49f8f03791ea838df68b26bc5') in 0.018215 seconds 
========================================================================
Received Import Request.
  Time since last request: 11.393724 seconds.
  path: Assets/Resources/Assassin.prefab
  artifactKey: Guid(9c80f50a4b7531c4bba60627a207d109) Importer(815301076,1909f56bfc062723c751e8b465ee728b)
Start importing Assets/Resources/Assassin.prefab using Guid(9c80f50a4b7531c4bba60627a207d109) Importer(815301076,1909f56bfc062723c751e8b465ee728b)  -> (artifact id: '001727c49f8f03791ea838df68b26bc5') in 0.015634 seconds 
========================================================================
Received Import Request.
  Time since last request: 0.000024 seconds.
  path: Assets/Resources/Thrower.prefab
  artifactKey: Guid(2fa5851cd7a5388498e813a22ae9b2fc) Importer(815301076,1909f56bfc062723c751e8b465ee728b)
Start importing Assets/Resources/Thrower.prefab using Guid(2fa5851cd7a5388498e813a22ae9b2fc) Importer(815301076,1909f56bfc062723c751e8b465ee728b)  -> (artifact id: '5f6ff5c0fb6487c98328425440924550') in 0.015133 seconds 
========================================================================
Received Import Request.
  Time since last request: 73.247788 seconds.
  path: Assets/Resources/Assassin.prefab
  artifactKey: Guid(9c80f50a4b7531c4bba60627a207d109) Importer(815301076,1909f56bfc062723c751e8b465ee728b)
Start importing Assets/Resources/Assassin.prefab using Guid(9c80f50a4b7531c4bba60627a207d109) Importer(815301076,1909f56bfc062723c751e8b465ee728b)  -> (artifact id: '001727c49f8f03791ea838df68b26bc5') in 0.017773 seconds 
========================================================================
Received Import Request.
  Time since last request: 0.000026 seconds.
  path: Assets/Resources/Thrower.prefab
  artifactKey: Guid(2fa5851cd7a5388498e813a22ae9b2fc) Importer(815301076,1909f56bfc062723c751e8b465ee728b)
Start importing Assets/Resources/Thrower.prefab using Guid(2fa5851cd7a5388498e813a22ae9b2fc) Importer(815301076,1909f56bfc062723c751e8b465ee728b)  -> (artifact id: '5f6ff5c0fb6487c98328425440924550') in 0.016481 seconds 
========================================================================
Received Import Request.
  Time since last request: 22.164161 seconds.
  path: Assets/Resources/Assassin.prefab
  artifactKey: Guid(9c80f50a4b7531c4bba60627a207d109) Importer(815301076,1909f56bfc062723c751e8b465ee728b)
Start importing Assets/Resources/Assassin.prefab using Guid(9c80f50a4b7531c4bba60627a207d109) Importer(815301076,1909f56bfc062723c751e8b465ee728b)  -> (artifact id: '001727c49f8f03791ea838df68b26bc5') in 0.018205 seconds 
========================================================================
Received Import Request.
  Time since last request: 0.000022 seconds.
  path: Assets/Resources/Thrower.prefab
  artifactKey: Guid(2fa5851cd7a5388498e813a22ae9b2fc) Importer(815301076,1909f56bfc062723c751e8b465ee728b)
Start importing Assets/Resources/Thrower.prefab using Guid(2fa5851cd7a5388498e813a22ae9b2fc) Importer(815301076,1909f56bfc062723c751e8b465ee728b)  -> (artifact id: '5f6ff5c0fb6487c98328425440924550') in 0.017948 seconds 
========================================================================
Received Import Request.
  Time since last request: 2820.072518 seconds.
  path: Assets/Resources/Assassin 1.prefab
  artifactKey: Guid(3f0314cd7d6700747a557cdbb23fead1) Importer(815301076,1909f56bfc062723c751e8b465ee728b)
Start importing Assets/Resources/Assassin 1.prefab using Guid(3f0314cd7d6700747a557cdbb23fead1) Importer(815301076,1909f56bfc062723c751e8b465ee728b)  -> (artifact id: '7672d22d33dcd2fe4de582151f76f3f6') in 0.154257 seconds 
========================================================================
Received Import Request.
  Time since last request: 5.282078 seconds.
  path: Assets/Resources/Thrower.prefab
  artifactKey: Guid(2fa5851cd7a5388498e813a22ae9b2fc) Importer(815301076,1909f56bfc062723c751e8b465ee728b)
Start importing Assets/Resources/Thrower.prefab using Guid(2fa5851cd7a5388498e813a22ae9b2fc) Importer(815301076,1909f56bfc062723c751e8b465ee728b)  -> (artifact id: '5f6ff5c0fb6487c98328425440924550') in 0.021344 seconds 
========================================================================
Received Import Request.
  Time since last request: 6.908215 seconds.
  path: Assets/Resources/Assassin.prefab
  artifactKey: Guid(3f0314cd7d6700747a557cdbb23fead1) Importer(815301076,1909f56bfc062723c751e8b465ee728b)
Start importing Assets/Resources/Assassin.prefab using Guid(3f0314cd7d6700747a557cdbb23fead1) Importer(815301076,1909f56bfc062723c751e8b465ee728b)  -> (artifact id: 'e81aee952ac5b00772a1ed85f5d9d53c') in 0.019065 seconds 
========================================================================
Received Import Request.
  Time since last request: 1332.576257 seconds.
  path: Assets/Resources/Thrower 1.prefab
  artifactKey: Guid(b2bbf4f2b9f8a6b439cb4f151856f6e8) Importer(815301076,1909f56bfc062723c751e8b465ee728b)
Start importing Assets/Resources/Thrower 1.prefab using Guid(b2bbf4f2b9f8a6b439cb4f151856f6e8) Importer(815301076,1909f56bfc062723c751e8b465ee728b)  -> (artifact id: 'bffde82624b4d956f716c9fb80fbfc2a') in 0.151854 seconds 
========================================================================
Received Import Request.
  Time since last request: 11.761924 seconds.
  path: Assets/Resources/Thrower.prefab
  artifactKey: Guid(b2bbf4f2b9f8a6b439cb4f151856f6e8) Importer(815301076,1909f56bfc062723c751e8b465ee728b)
Start importing Assets/Resources/Thrower.prefab using Guid(b2bbf4f2b9f8a6b439cb4f151856f6e8) Importer(815301076,1909f56bfc062723c751e8b465ee728b)  -> (artifact id: '50a1d8de153cdbc15f4974e31185f304') in 0.016436 seconds 
========================================================================
Received Import Request.
  Time since last request: 842.246419 seconds.
  path: Assets/Sprites/ThrowerHand.png
  artifactKey: Guid(7807bdf33179fdc4a82af8247be97bb2) Importer(815301076,1909f56bfc062723c751e8b465ee728b)
Start importing Assets/Sprites/ThrowerHand.png using Guid(7807bdf33179fdc4a82af8247be97bb2) Importer(815301076,1909f56bfc062723c751e8b465ee728b)  -> (artifact id: '6da9869046622980309f07fcf2be2ff4') in 0.048978 seconds 
========================================================================
Received Import Request.
  Time since last request: 78.642623 seconds.
  path: Assets/Resources/Thrower.prefab
  artifactKey: Guid(b2bbf4f2b9f8a6b439cb4f151856f6e8) Importer(815301076,1909f56bfc062723c751e8b465ee728b)
Start importing Assets/Resources/Thrower.prefab using Guid(b2bbf4f2b9f8a6b439cb4f151856f6e8) Importer(815301076,1909f56bfc062723c751e8b465ee728b)  -> (artifact id: '1c3cd2ab6bbcb65476db73109c0e816e') in 0.025173 seconds 
========================================================================
Received Import Request.
  Time since last request: 17.272564 seconds.
  path: Assets/Resources/Thrower 1.prefab
  artifactKey: Guid(e3ca7b31c2f010b4fbb00c750d03eb55) Importer(815301076,1909f56bfc062723c751e8b465ee728b)
Start importing Assets/Resources/Thrower 1.prefab using Guid(e3ca7b31c2f010b4fbb00c750d03eb55) Importer(815301076,1909f56bfc062723c751e8b465ee728b) The Animator Controller (Thrower) you have used is not valid. Animations will not play
UnityEngine.StackTraceUtility:ExtractStackTrace ()
UnityEditor.EditorUtility:Internal_InstantiateRemoveAllNonAnimationComponentsSingle (UnityEngine.Object,UnityEngine.Vector3,UnityEngine.Quaternion)
UnityEditor.EditorUtility:InstantiateRemoveAllNonAnimationComponents (UnityEngine.Object,UnityEngine.Vector3,UnityEngine.Quaternion)
UnityEditor.EditorUtility:InstantiateForAnimatorPreview (UnityEngine.Object)
UnityEditor.GameObjectInspector/PreviewData:UpdateGameObject (UnityEngine.Object)
UnityEditor.GameObjectInspector/PreviewData:.ctor (UnityEngine.Object)
UnityEditor.GameObjectInspector:GetPreviewData ()
UnityEditor.GameObjectInspector:RenderStaticPreview (string,UnityEngine.Object[],int,int)
UnityEditor.AssetPreviewUpdater:CreatePreview (UnityEngine.Object,UnityEngine.Object[],string,int,int)
UnityEditor.AssetPreviewUpdater:CreatePreviewForAsset (UnityEngine.Object,UnityEngine.Object[],string)

[C:\buildslave\unity\build\Modules\Animation\Director\AnimatorControllerPlayable.cpp line 333]

The Animator Controller (Thrower) you have used is not valid. Animations will not play
UnityEngine.StackTraceUtility:ExtractStackTrace ()
UnityEditor.EditorUtility:InitInstantiatedPreviewRecursive (UnityEngine.GameObject)
UnityEditor.EditorUtility:InstantiateForAnimatorPreview (UnityEngine.Object)
UnityEditor.GameObjectInspector/PreviewData:UpdateGameObject (UnityEngine.Object)
UnityEditor.GameObjectInspector/PreviewData:.ctor (UnityEngine.Object)
UnityEditor.GameObjectInspector:GetPreviewData ()
UnityEditor.GameObjectInspector:RenderStaticPreview (string,UnityEngine.Object[],int,int)
UnityEditor.AssetPreviewUpdater:CreatePreview (UnityEngine.Object,UnityEngine.Object[],string,int,int)
UnityEditor.AssetPreviewUpdater:CreatePreviewForAsset (UnityEngine.Object,UnityEngine.Object[],string)

[C:\buildslave\unity\build\Modules\Animation\Director\AnimatorControllerPlayable.cpp line 333]

 -> (artifact id: '1c35f6e67288eac255526ba6206e87e1') in 0.209224 seconds 
========================================================================
Received Import Request.
  Time since last request: 13.622715 seconds.
  path: Assets/Resources/Thrower.prefab
  artifactKey: Guid(e3ca7b31c2f010b4fbb00c750d03eb55) Importer(815301076,1909f56bfc062723c751e8b465ee728b)
Start importing Assets/Resources/Thrower.prefab using Guid(e3ca7b31c2f010b4fbb00c750d03eb55) Importer(815301076,1909f56bfc062723c751e8b465ee728b) The Animator Controller (Thrower) you have used is not valid. Animations will not play
UnityEngine.StackTraceUtility:ExtractStackTrace ()
UnityEditor.EditorUtility:Internal_InstantiateRemoveAllNonAnimationComponentsSingle (UnityEngine.Object,UnityEngine.Vector3,UnityEngine.Quaternion)
UnityEditor.EditorUtility:InstantiateRemoveAllNonAnimationComponents (UnityEngine.Object,UnityEngine.Vector3,UnityEngine.Quaternion)
UnityEditor.EditorUtility:InstantiateForAnimatorPreview (UnityEngine.Object)
UnityEditor.GameObjectInspector/PreviewData:UpdateGameObject (UnityEngine.Object)
UnityEditor.GameObjectInspector/PreviewData:.ctor (UnityEngine.Object)
UnityEditor.GameObjectInspector:GetPreviewData ()
UnityEditor.GameObjectInspector:RenderStaticPreview (string,UnityEngine.Object[],int,int)
UnityEditor.AssetPreviewUpdater:CreatePreview (UnityEngine.Object,UnityEngine.Object[],string,int,int)
UnityEditor.AssetPreviewUpdater:CreatePreviewForAsset (UnityEngine.Object,UnityEngine.Object[],string)

[C:\buildslave\unity\build\Modules\Animation\Director\AnimatorControllerPlayable.cpp line 333]

The Animator Controller (Thrower) you have used is not valid. Animations will not play
UnityEngine.StackTraceUtility:ExtractStackTrace ()
UnityEditor.EditorUtility:InitInstantiatedPreviewRecursive (UnityEngine.GameObject)
UnityEditor.EditorUtility:InstantiateForAnimatorPreview (UnityEngine.Object)
UnityEditor.GameObjectInspector/PreviewData:UpdateGameObject (UnityEngine.Object)
UnityEditor.GameObjectInspector/PreviewData:.ctor (UnityEngine.Object)
UnityEditor.GameObjectInspector:GetPreviewData ()
UnityEditor.GameObjectInspector:RenderStaticPreview (string,UnityEngine.Object[],int,int)
UnityEditor.AssetPreviewUpdater:CreatePreview (UnityEngine.Object,UnityEngine.Object[],string,int,int)
UnityEditor.AssetPreviewUpdater:CreatePreviewForAsset (UnityEngine.Object,UnityEngine.Object[],string)

[C:\buildslave\unity\build\Modules\Animation\Director\AnimatorControllerPlayable.cpp line 333]

 -> (artifact id: '9ff958e4bfe8feffa1bb79aa3e6307b6') in 0.017550 seconds 
========================================================================
Received Import Request.
  Time since last request: 354.285658 seconds.
  path: Assets/Scripts/Enemies/Thrower/ThrowerPresenter.cs
  artifactKey: Guid(8d892b75a2cbd244293ee8426438b939) Importer(815301076,1909f56bfc062723c751e8b465ee728b)
Start importing Assets/Scripts/Enemies/Thrower/ThrowerPresenter.cs using Guid(8d892b75a2cbd244293ee8426438b939) Importer(815301076,1909f56bfc062723c751e8b465ee728b)  -> (artifact id: '6a520e02cef0f638f794999a19ad9e91') in 0.023668 seconds 
========================================================================
Received Prepare
Registering precompiled user dll's ...
Registered in 0.010562 seconds.
Begin MonoManager ReloadAssembly
Symbol file LoadedFromMemory doesn't match image C:\Unity Projects\Dojo Death\Library\PackageCache\com.unity.visualscripting@1.7.6\Editor\VisualScripting.Core\Dependencies\YamlDotNet\Unity.VisualScripting.YamlDotNet.dll
Symbol file LoadedFromMemory doesn't match image C:\Unity Projects\Dojo Death\Library\PackageCache\com.unity.visualscripting@1.7.6\Editor\VisualScripting.Core\Dependencies\DotNetZip\Unity.VisualScripting.IonicZip.dll
Native extension for Lumin target not found
Native extension for LinuxStandalone target not found
Native extension for WindowsStandalone target not found
Native extension for OSXStandalone target not found
Native extension for WebGL target not found
Refreshing native plugins compatible for Editor in 1.23 ms, found 4 plugins.
Preloading 0 native plugins for Editor in 0.00 ms.
Mono: successfully reloaded assembly
- Completed reload, in  2.223 seconds
Domain Reload Profiling:
	ReloadAssembly (2225ms)
		BeginReloadAssembly (373ms)
			ExecutionOrderSort (0ms)
			DisableScriptedObjects (27ms)
			BackupInstance (0ms)
			ReleaseScriptingObjects (0ms)
			CreateAndSetChildDomain (135ms)
		EndReloadAssembly (1653ms)
			LoadAssemblies (196ms)
			RebuildTransferFunctionScriptingTraits (0ms)
			SetupTypeCache (427ms)
			ReleaseScriptCaches (2ms)
			RebuildScriptCaches (80ms)
			SetupLoadedEditorAssemblies (805ms)
				LogAssemblyErrors (0ms)
				InitializePlatformSupportModulesInManaged (47ms)
				SetLoadedEditorAssemblies (2ms)
				RefreshPlugins (1ms)
				BeforeProcessingInitializeOnLoad (147ms)
				ProcessInitializeOnLoadAttributes (513ms)
				ProcessInitializeOnLoadMethodAttributes (61ms)
				AfterProcessingInitializeOnLoad (33ms)
				EditorAssembliesLoaded (0ms)
			ExecutionOrderSort2 (0ms)
			AwakeInstancesAfterBackupRestoration (34ms)
Platform modules already initialized, skipping
Switching build target platform(19) subTarget(0) extendedPlatform(0) -> platform(13) subTarget(0) extendedPlatform(0)
Refreshing native plugins compatible for Editor in 1.57 ms, found 4 plugins.
Preloading 0 native plugins for Editor in 0.00 ms.
Unloading 3929 Unused Serialized files (Serialized files now loaded: 0)
Unloading 32 unused Assets / (192.1 KB). Loaded Objects now: 4530.
Memory consumption went from 156.3 MB to 156.1 MB.
Total: 8.516500 ms (FindLiveObjects: 0.461600 ms CreateObjectMapping: 0.386700 ms MarkObjects: 7.418000 ms  DeleteObjects: 0.248300 ms)

AssetImportParameters requested are different than current active one (requested -> active):
  custom:video-decoder-ogg-theora: a1e56fd34408186e4bbccfd4996cb3dc -> 
  custom:container-muxer-webm: aa71ff27fc2769a1b78a27578f13a17b -> 
  custom:container-demuxer-webm: 4f35f7cbe854078d1ac9338744f61a02 -> 
  custom:video-encoder-webm-vp8: eb34c28f22e8b96e1ab97ce403110664 -> 
  custom:audio-encoder-webm-vorbis: bf7c407c2cedff20999df2af8eb42d56 -> 
  custom:framework-win-MediaFoundation: 216162199b28c13a410421893ffa2e32 -> 
  custom:container-demuxer-ogg: 62fdf1f143b41e24485cea50d1cbac27 -> 
  custom:video-decoder-webm-vp8: 9c59270c3fd7afecdb556c50c9e8de78 -> 
  custom:audio-decoder-ogg-vorbis: bf7c407c2cedff20999df2af8eb42d56 -> 
========================================================================
Received Import Request.
  Time since last request: 2468.095801 seconds.
  path: Assets/Animations/Death.anim
  artifactKey: Guid(4c1508225eb7d114a9996fa2ddc96902) Importer(815301076,1909f56bfc062723c751e8b465ee728b)
Start importing Assets/Animations/Death.anim using Guid(4c1508225eb7d114a9996fa2ddc96902) Importer(815301076,1909f56bfc062723c751e8b465ee728b)  -> (artifact id: '7b3e5bdf310feb8090154acf13f719ff') in 0.098302 seconds 
========================================================================
Received Import Request.
  Time since last request: 0.345753 seconds.
  path: Assets/Animations/TrowerAttack.anim
  artifactKey: Guid(5fcbae184b9f4864ab58b3fe99aa06f5) Importer(815301076,1909f56bfc062723c751e8b465ee728b)
Start importing Assets/Animations/TrowerAttack.anim using Guid(5fcbae184b9f4864ab58b3fe99aa06f5) Importer(815301076,1909f56bfc062723c751e8b465ee728b)  -> (artifact id: '158065889534ccab66b668d13e31b1e1') in 0.009819 seconds 
========================================================================
Received Import Request.
  Time since last request: 2.244523 seconds.
  path: Assets/Animations/Thrower.controller
  artifactKey: Guid(c66dbd9f2c26a274eb5fdffe8c10d6c1) Importer(815301076,1909f56bfc062723c751e8b465ee728b)
Start importing Assets/Animations/Thrower.controller using Guid(c66dbd9f2c26a274eb5fdffe8c10d6c1) Importer(815301076,1909f56bfc062723c751e8b465ee728b)  -> (artifact id: '1ec30bf81911c4428e92851a77316140') in 0.015274 seconds 
========================================================================
Received Import Request.
  Time since last request: 7.744601 seconds.
  path: Assets/Animations/Walk.anim
  artifactKey: Guid(8d265e6f25b39554491ef6886159eb2c) Importer(815301076,1909f56bfc062723c751e8b465ee728b)
Start importing Assets/Animations/Walk.anim using Guid(8d265e6f25b39554491ef6886159eb2c) Importer(815301076,1909f56bfc062723c751e8b465ee728b)  -> (artifact id: 'e790f177611f0961f8f84361e62976cd') in 0.010093 seconds 
========================================================================
Received Import Request.
  Time since last request: 154.136250 seconds.
  path: Assets/Resources/Thrower 1.prefab
  artifactKey: Guid(6a71ad10012a25b4983117a57094746a) Importer(815301076,1909f56bfc062723c751e8b465ee728b)
Start importing Assets/Resources/Thrower 1.prefab using Guid(6a71ad10012a25b4983117a57094746a) Importer(815301076,1909f56bfc062723c751e8b465ee728b) The Animator Controller (Thrower) you have used is not valid. Animations will not play
UnityEngine.StackTraceUtility:ExtractStackTrace ()
UnityEditor.EditorUtility:Internal_InstantiateRemoveAllNonAnimationComponentsSingle (UnityEngine.Object,UnityEngine.Vector3,UnityEngine.Quaternion)
UnityEditor.EditorUtility:InstantiateRemoveAllNonAnimationComponents (UnityEngine.Object,UnityEngine.Vector3,UnityEngine.Quaternion)
UnityEditor.EditorUtility:InstantiateForAnimatorPreview (UnityEngine.Object)
UnityEditor.GameObjectInspector/PreviewData:UpdateGameObject (UnityEngine.Object)
UnityEditor.GameObjectInspector/PreviewData:.ctor (UnityEngine.Object)
UnityEditor.GameObjectInspector:GetPreviewData ()
UnityEditor.GameObjectInspector:RenderStaticPreview (string,UnityEngine.Object[],int,int)
UnityEditor.AssetPreviewUpdater:CreatePreview (UnityEngine.Object,UnityEngine.Object[],string,int,int)
UnityEditor.AssetPreviewUpdater:CreatePreviewForAsset (UnityEngine.Object,UnityEngine.Object[],string)

[C:\buildslave\unity\build\Modules\Animation\Director\AnimatorControllerPlayable.cpp line 333]

The Animator Controller (Thrower) you have used is not valid. Animations will not play
UnityEngine.StackTraceUtility:ExtractStackTrace ()
UnityEditor.EditorUtility:InitInstantiatedPreviewRecursive (UnityEngine.GameObject)
UnityEditor.EditorUtility:InstantiateForAnimatorPreview (UnityEngine.Object)
UnityEditor.GameObjectInspector/PreviewData:UpdateGameObject (UnityEngine.Object)
UnityEditor.GameObjectInspector/PreviewData:.ctor (UnityEngine.Object)
UnityEditor.GameObjectInspector:GetPreviewData ()
UnityEditor.GameObjectInspector:RenderStaticPreview (string,UnityEngine.Object[],int,int)
UnityEditor.AssetPreviewUpdater:CreatePreview (UnityEngine.Object,UnityEngine.Object[],string,int,int)
UnityEditor.AssetPreviewUpdater:CreatePreviewForAsset (UnityEngine.Object,UnityEngine.Object[],string)

[C:\buildslave\unity\build\Modules\Animation\Director\AnimatorControllerPlayable.cpp line 333]

 -> (artifact id: '5c9590f0d4b7ef722b77ddd457b5dfd7') in 0.130972 seconds 
========================================================================
Received Import Request.
  Time since last request: 16.498612 seconds.
  path: Assets/Resources/Thrower.prefab
  artifactKey: Guid(6a71ad10012a25b4983117a57094746a) Importer(815301076,1909f56bfc062723c751e8b465ee728b)
Start importing Assets/Resources/Thrower.prefab using Guid(6a71ad10012a25b4983117a57094746a) Importer(815301076,1909f56bfc062723c751e8b465ee728b) The Animator Controller (Thrower) you have used is not valid. Animations will not play
UnityEngine.StackTraceUtility:ExtractStackTrace ()
UnityEditor.EditorUtility:Internal_InstantiateRemoveAllNonAnimationComponentsSingle (UnityEngine.Object,UnityEngine.Vector3,UnityEngine.Quaternion)
UnityEditor.EditorUtility:InstantiateRemoveAllNonAnimationComponents (UnityEngine.Object,UnityEngine.Vector3,UnityEngine.Quaternion)
UnityEditor.EditorUtility:InstantiateForAnimatorPreview (UnityEngine.Object)
UnityEditor.GameObjectInspector/PreviewData:UpdateGameObject (UnityEngine.Object)
UnityEditor.GameObjectInspector/PreviewData:.ctor (UnityEngine.Object)
UnityEditor.GameObjectInspector:GetPreviewData ()
UnityEditor.GameObjectInspector:RenderStaticPreview (string,UnityEngine.Object[],int,int)
UnityEditor.AssetPreviewUpdater:CreatePreview (UnityEngine.Object,UnityEngine.Object[],string,int,int)
UnityEditor.AssetPreviewUpdater:CreatePreviewForAsset (UnityEngine.Object,UnityEngine.Object[],string)

[C:\buildslave\unity\build\Modules\Animation\Director\AnimatorControllerPlayable.cpp line 333]

The Animator Controller (Thrower) you have used is not valid. Animations will not play
UnityEngine.StackTraceUtility:ExtractStackTrace ()
UnityEditor.EditorUtility:InitInstantiatedPreviewRecursive (UnityEngine.GameObject)
UnityEditor.EditorUtility:InstantiateForAnimatorPreview (UnityEngine.Object)
UnityEditor.GameObjectInspector/PreviewData:UpdateGameObject (UnityEngine.Object)
UnityEditor.GameObjectInspector/PreviewData:.ctor (UnityEngine.Object)
UnityEditor.GameObjectInspector:GetPreviewData ()
UnityEditor.GameObjectInspector:RenderStaticPreview (string,UnityEngine.Object[],int,int)
UnityEditor.AssetPreviewUpdater:CreatePreview (UnityEngine.Object,UnityEngine.Object[],string,int,int)
UnityEditor.AssetPreviewUpdater:CreatePreviewForAsset (UnityEngine.Object,UnityEngine.Object[],string)

[C:\buildslave\unity\build\Modules\Animation\Director\AnimatorControllerPlayable.cpp line 333]

 -> (artifact id: 'c9760f39abaff971091e766acaa05ffc') in 0.018902 seconds 
========================================================================
Received Import Request.
  Time since last request: 148.372780 seconds.
  path: Assets/Animations/Blood
  artifactKey: Guid(3011da2b6e1ed2448b0a5a5dcc382d3c) Importer(815301076,1909f56bfc062723c751e8b465ee728b)
Start importing Assets/Animations/Blood using Guid(3011da2b6e1ed2448b0a5a5dcc382d3c) Importer(815301076,1909f56bfc062723c751e8b465ee728b)  -> (artifact id: 'd2ad1dca8268d93c2fab54f581643e7e') in 0.008568 seconds 
========================================================================
Received Import Request.
  Time since last request: 0.741591 seconds.
  path: Assets/Animations/Blood/Blood.anim
  artifactKey: Guid(92ecba0014e2d7740b4f5238fb9544e2) Importer(815301076,1909f56bfc062723c751e8b465ee728b)
Start importing Assets/Animations/Blood/Blood.anim using Guid(92ecba0014e2d7740b4f5238fb9544e2) Importer(815301076,1909f56bfc062723c751e8b465ee728b)  -> (artifact id: '1b7b5dc788dfffdace5c56edda438ed6') in 0.004228 seconds 
========================================================================
Received Import Request.
  Time since last request: 197.114714 seconds.
  path: Assets/Resources/Blood.prefab
  artifactKey: Guid(3cb97190f08f9634084dc5e645dd9d7e) Importer(815301076,1909f56bfc062723c751e8b465ee728b)
Start importing Assets/Resources/Blood.prefab using Guid(3cb97190f08f9634084dc5e645dd9d7e) Importer(815301076,1909f56bfc062723c751e8b465ee728b) The Animator Controller (Blood) you have used is not valid. Animations will not play
UnityEngine.StackTraceUtility:ExtractStackTrace ()
UnityEditor.EditorUtility:Internal_InstantiateRemoveAllNonAnimationComponentsSingle (UnityEngine.Object,UnityEngine.Vector3,UnityEngine.Quaternion)
UnityEditor.EditorUtility:InstantiateRemoveAllNonAnimationComponents (UnityEngine.Object,UnityEngine.Vector3,UnityEngine.Quaternion)
UnityEditor.EditorUtility:InstantiateForAnimatorPreview (UnityEngine.Object)
UnityEditor.GameObjectInspector/PreviewData:UpdateGameObject (UnityEngine.Object)
UnityEditor.GameObjectInspector/PreviewData:.ctor (UnityEngine.Object)
UnityEditor.GameObjectInspector:GetPreviewData ()
UnityEditor.GameObjectInspector:RenderStaticPreview (string,UnityEngine.Object[],int,int)
UnityEditor.AssetPreviewUpdater:CreatePreview (UnityEngine.Object,UnityEngine.Object[],string,int,int)
UnityEditor.AssetPreviewUpdater:CreatePreviewForAsset (UnityEngine.Object,UnityEngine.Object[],string)

[C:\buildslave\unity\build\Modules\Animation\Director\AnimatorControllerPlayable.cpp line 333]

The Animator Controller (Blood) you have used is not valid. Animations will not play
UnityEngine.StackTraceUtility:ExtractStackTrace ()
UnityEditor.EditorUtility:InitInstantiatedPreviewRecursive (UnityEngine.GameObject)
UnityEditor.EditorUtility:InstantiateForAnimatorPreview (UnityEngine.Object)
UnityEditor.GameObjectInspector/PreviewData:UpdateGameObject (UnityEngine.Object)
UnityEditor.GameObjectInspector/PreviewData:.ctor (UnityEngine.Object)
UnityEditor.GameObjectInspector:GetPreviewData ()
UnityEditor.GameObjectInspector:RenderStaticPreview (string,UnityEngine.Object[],int,int)
UnityEditor.AssetPreviewUpdater:CreatePreview (UnityEngine.Object,UnityEngine.Object[],string,int,int)
UnityEditor.AssetPreviewUpdater:CreatePreviewForAsset (UnityEngine.Object,UnityEngine.Object[],string)

[C:\buildslave\unity\build\Modules\Animation\Director\AnimatorControllerPlayable.cpp line 333]

 -> (artifact id: 'd2222481c61435761945eef4895b2860') in 0.021215 seconds 
========================================================================
Received Import Request.
  Time since last request: 10.264174 seconds.
  path: Assets/Resources/Thrower.prefab
  artifactKey: Guid(6a71ad10012a25b4983117a57094746a) Importer(815301076,1909f56bfc062723c751e8b465ee728b)
Start importing Assets/Resources/Thrower.prefab using Guid(6a71ad10012a25b4983117a57094746a) Importer(815301076,1909f56bfc062723c751e8b465ee728b) The Animator Controller (Thrower) you have used is not valid. Animations will not play
UnityEngine.StackTraceUtility:ExtractStackTrace ()
UnityEditor.EditorUtility:Internal_InstantiateRemoveAllNonAnimationComponentsSingle (UnityEngine.Object,UnityEngine.Vector3,UnityEngine.Quaternion)
UnityEditor.EditorUtility:InstantiateRemoveAllNonAnimationComponents (UnityEngine.Object,UnityEngine.Vector3,UnityEngine.Quaternion)
UnityEditor.EditorUtility:InstantiateForAnimatorPreview (UnityEngine.Object)
UnityEditor.GameObjectInspector/PreviewData:UpdateGameObject (UnityEngine.Object)
UnityEditor.GameObjectInspector/PreviewData:.ctor (UnityEngine.Object)
UnityEditor.GameObjectInspector:GetPreviewData ()
UnityEditor.GameObjectInspector:RenderStaticPreview (string,UnityEngine.Object[],int,int)
UnityEditor.AssetPreviewUpdater:CreatePreview (UnityEngine.Object,UnityEngine.Object[],string,int,int)
UnityEditor.AssetPreviewUpdater:CreatePreviewForAsset (UnityEngine.Object,UnityEngine.Object[],string)

[C:\buildslave\unity\build\Modules\Animation\Director\AnimatorControllerPlayable.cpp line 333]

The Animator Controller (Blood) you have used is not valid. Animations will not play
UnityEngine.StackTraceUtility:ExtractStackTrace ()
UnityEditor.EditorUtility:Internal_InstantiateRemoveAllNonAnimationComponentsSingle (UnityEngine.Object,UnityEngine.Vector3,UnityEngine.Quaternion)
UnityEditor.EditorUtility:InstantiateRemoveAllNonAnimationComponents (UnityEngine.Object,UnityEngine.Vector3,UnityEngine.Quaternion)
UnityEditor.EditorUtility:InstantiateForAnimatorPreview (UnityEngine.Object)
UnityEditor.GameObjectInspector/PreviewData:UpdateGameObject (UnityEngine.Object)
UnityEditor.GameObjectInspector/PreviewData:.ctor (UnityEngine.Object)
UnityEditor.GameObjectInspector:GetPreviewData ()
UnityEditor.GameObjectInspector:RenderStaticPreview (string,UnityEngine.Object[],int,int)
UnityEditor.AssetPreviewUpdater:CreatePreview (UnityEngine.Object,UnityEngine.Object[],string,int,int)
UnityEditor.AssetPreviewUpdater:CreatePreviewForAsset (UnityEngine.Object,UnityEngine.Object[],string)

[C:\buildslave\unity\build\Modules\Animation\Director\AnimatorControllerPlayable.cpp line 333]

The Animator Controller (Blood) you have used is not valid. Animations will not play
UnityEngine.StackTraceUtility:ExtractStackTrace ()
UnityEditor.EditorUtility:InitInstantiatedPreviewRecursive (UnityEngine.GameObject)
UnityEditor.EditorUtility:InstantiateForAnimatorPreview (UnityEngine.Object)
UnityEditor.GameObjectInspector/PreviewData:UpdateGameObject (UnityEngine.Object)
UnityEditor.GameObjectInspector/PreviewData:.ctor (UnityEngine.Object)
UnityEditor.GameObjectInspector:GetPreviewData ()
UnityEditor.GameObjectInspector:RenderStaticPreview (string,UnityEngine.Object[],int,int)
UnityEditor.AssetPreviewUpdater:CreatePreview (UnityEngine.Object,UnityEngine.Object[],string,int,int)
UnityEditor.AssetPreviewUpdater:CreatePreviewForAsset (UnityEngine.Object,UnityEngine.Object[],string)

[C:\buildslave\unity\build\Modules\Animation\Director\AnimatorControllerPlayable.cpp line 333]

The Animator Controller (Thrower) you have used is not valid. Animations will not play
UnityEngine.StackTraceUtility:ExtractStackTrace ()
UnityEditor.EditorUtility:InitInstantiatedPreviewRecursive (UnityEngine.GameObject)
UnityEditor.EditorUtility:InstantiateForAnimatorPreview (UnityEngine.Object)
UnityEditor.GameObjectInspector/PreviewData:UpdateGameObject (UnityEngine.Object)
UnityEditor.GameObjectInspector/PreviewData:.ctor (UnityEngine.Object)
UnityEditor.GameObjectInspector:GetPreviewData ()
UnityEditor.GameObjectInspector:RenderStaticPreview (string,UnityEngine.Object[],int,int)
UnityEditor.AssetPreviewUpdater:CreatePreview (UnityEngine.Object,UnityEngine.Object[],string,int,int)
UnityEditor.AssetPreviewUpdater:CreatePreviewForAsset (UnityEngine.Object,UnityEngine.Object[],string)

[C:\buildslave\unity\build\Modules\Animation\Director\AnimatorControllerPlayable.cpp line 333]

 -> (artifact id: 'd47306af541977a42a6a05f3eadfef08') in 0.026112 seconds 
========================================================================
Received Import Request.
  Time since last request: 11.842403 seconds.
  path: Assets/Resources/Thrower.prefab
  artifactKey: Guid(6a71ad10012a25b4983117a57094746a) Importer(815301076,1909f56bfc062723c751e8b465ee728b)
Start importing Assets/Resources/Thrower.prefab using Guid(6a71ad10012a25b4983117a57094746a) Importer(815301076,1909f56bfc062723c751e8b465ee728b) The Animator Controller (Thrower) you have used is not valid. Animations will not play
UnityEngine.StackTraceUtility:ExtractStackTrace ()
UnityEditor.EditorUtility:Internal_InstantiateRemoveAllNonAnimationComponentsSingle (UnityEngine.Object,UnityEngine.Vector3,UnityEngine.Quaternion)
UnityEditor.EditorUtility:InstantiateRemoveAllNonAnimationComponents (UnityEngine.Object,UnityEngine.Vector3,UnityEngine.Quaternion)
UnityEditor.EditorUtility:InstantiateForAnimatorPreview (UnityEngine.Object)
UnityEditor.GameObjectInspector/PreviewData:UpdateGameObject (UnityEngine.Object)
UnityEditor.GameObjectInspector/PreviewData:.ctor (UnityEngine.Object)
UnityEditor.GameObjectInspector:GetPreviewData ()
UnityEditor.GameObjectInspector:RenderStaticPreview (string,UnityEngine.Object[],int,int)
UnityEditor.AssetPreviewUpdater:CreatePreview (UnityEngine.Object,UnityEngine.Object[],string,int,int)
UnityEditor.AssetPreviewUpdater:CreatePreviewForAsset (UnityEngine.Object,UnityEngine.Object[],string)

[C:\buildslave\unity\build\Modules\Animation\Director\AnimatorControllerPlayable.cpp line 333]

The Animator Controller (Blood) you have used is not valid. Animations will not play
UnityEngine.StackTraceUtility:ExtractStackTrace ()
UnityEditor.EditorUtility:Internal_InstantiateRemoveAllNonAnimationComponentsSingle (UnityEngine.Object,UnityEngine.Vector3,UnityEngine.Quaternion)
UnityEditor.EditorUtility:InstantiateRemoveAllNonAnimationComponents (UnityEngine.Object,UnityEngine.Vector3,UnityEngine.Quaternion)
UnityEditor.EditorUtility:InstantiateForAnimatorPreview (UnityEngine.Object)
UnityEditor.GameObjectInspector/PreviewData:UpdateGameObject (UnityEngine.Object)
UnityEditor.GameObjectInspector/PreviewData:.ctor (UnityEngine.Object)
UnityEditor.GameObjectInspector:GetPreviewData ()
UnityEditor.GameObjectInspector:RenderStaticPreview (string,UnityEngine.Object[],int,int)
UnityEditor.AssetPreviewUpdater:CreatePreview (UnityEngine.Object,UnityEngine.Object[],string,int,int)
UnityEditor.AssetPreviewUpdater:CreatePreviewForAsset (UnityEngine.Object,UnityEngine.Object[],string)

[C:\buildslave\unity\build\Modules\Animation\Director\AnimatorControllerPlayable.cpp line 333]

The Animator Controller (Blood) you have used is not valid. Animations will not play
UnityEngine.StackTraceUtility:ExtractStackTrace ()
UnityEditor.EditorUtility:InitInstantiatedPreviewRecursive (UnityEngine.GameObject)
UnityEditor.EditorUtility:InstantiateForAnimatorPreview (UnityEngine.Object)
UnityEditor.GameObjectInspector/PreviewData:UpdateGameObject (UnityEngine.Object)
UnityEditor.GameObjectInspector/PreviewData:.ctor (UnityEngine.Object)
UnityEditor.GameObjectInspector:GetPreviewData ()
UnityEditor.GameObjectInspector:RenderStaticPreview (string,UnityEngine.Object[],int,int)
UnityEditor.AssetPreviewUpdater:CreatePreview (UnityEngine.Object,UnityEngine.Object[],string,int,int)
UnityEditor.AssetPreviewUpdater:CreatePreviewForAsset (UnityEngine.Object,UnityEngine.Object[],string)

[C:\buildslave\unity\build\Modules\Animation\Director\AnimatorControllerPlayable.cpp line 333]

The Animator Controller (Thrower) you have used is not valid. Animations will not play
UnityEngine.StackTraceUtility:ExtractStackTrace ()
UnityEditor.EditorUtility:InitInstantiatedPreviewRecursive (UnityEngine.GameObject)
UnityEditor.EditorUtility:InstantiateForAnimatorPreview (UnityEngine.Object)
UnityEditor.GameObjectInspector/PreviewData:UpdateGameObject (UnityEngine.Object)
UnityEditor.GameObjectInspector/PreviewData:.ctor (UnityEngine.Object)
UnityEditor.GameObjectInspector:GetPreviewData ()
UnityEditor.GameObjectInspector:RenderStaticPreview (string,UnityEngine.Object[],int,int)
UnityEditor.AssetPreviewUpdater:CreatePreview (UnityEngine.Object,UnityEngine.Object[],string,int,int)
UnityEditor.AssetPreviewUpdater:CreatePreviewForAsset (UnityEngine.Object,UnityEngine.Object[],string)

[C:\buildslave\unity\build\Modules\Animation\Director\AnimatorControllerPlayable.cpp line 333]

 -> (artifact id: '696d5423825844c68bc6d5fb4d6c9558') in 0.024286 seconds 
========================================================================
Received Import Request.
  Time since last request: 30.047898 seconds.
  path: Assets/Resources/Thrower.prefab
  artifactKey: Guid(6a71ad10012a25b4983117a57094746a) Importer(815301076,1909f56bfc062723c751e8b465ee728b)
Start importing Assets/Resources/Thrower.prefab using Guid(6a71ad10012a25b4983117a57094746a) Importer(815301076,1909f56bfc062723c751e8b465ee728b) The Animator Controller (Thrower) you have used is not valid. Animations will not play
UnityEngine.StackTraceUtility:ExtractStackTrace ()
UnityEditor.EditorUtility:Internal_InstantiateRemoveAllNonAnimationComponentsSingle (UnityEngine.Object,UnityEngine.Vector3,UnityEngine.Quaternion)
UnityEditor.EditorUtility:InstantiateRemoveAllNonAnimationComponents (UnityEngine.Object,UnityEngine.Vector3,UnityEngine.Quaternion)
UnityEditor.EditorUtility:InstantiateForAnimatorPreview (UnityEngine.Object)
UnityEditor.GameObjectInspector/PreviewData:UpdateGameObject (UnityEngine.Object)
UnityEditor.GameObjectInspector/PreviewData:.ctor (UnityEngine.Object)
UnityEditor.GameObjectInspector:GetPreviewData ()
UnityEditor.GameObjectInspector:RenderStaticPreview (string,UnityEngine.Object[],int,int)
UnityEditor.AssetPreviewUpdater:CreatePreview (UnityEngine.Object,UnityEngine.Object[],string,int,int)
UnityEditor.AssetPreviewUpdater:CreatePreviewForAsset (UnityEngine.Object,UnityEngine.Object[],string)

[C:\buildslave\unity\build\Modules\Animation\Director\AnimatorControllerPlayable.cpp line 333]

The Animator Controller (Blood) you have used is not valid. Animations will not play
UnityEngine.StackTraceUtility:ExtractStackTrace ()
UnityEditor.EditorUtility:Internal_InstantiateRemoveAllNonAnimationComponentsSingle (UnityEngine.Object,UnityEngine.Vector3,UnityEngine.Quaternion)
UnityEditor.EditorUtility:InstantiateRemoveAllNonAnimationComponents (UnityEngine.Object,UnityEngine.Vector3,UnityEngine.Quaternion)
UnityEditor.EditorUtility:InstantiateForAnimatorPreview (UnityEngine.Object)
UnityEditor.GameObjectInspector/PreviewData:UpdateGameObject (UnityEngine.Object)
UnityEditor.GameObjectInspector/PreviewData:.ctor (UnityEngine.Object)
UnityEditor.GameObjectInspector:GetPreviewData ()
UnityEditor.GameObjectInspector:RenderStaticPreview (string,UnityEngine.Object[],int,int)
UnityEditor.AssetPreviewUpdater:CreatePreview (UnityEngine.Object,UnityEngine.Object[],string,int,int)
UnityEditor.AssetPreviewUpdater:CreatePreviewForAsset (UnityEngine.Object,UnityEngine.Object[],string)

[C:\buildslave\unity\build\Modules\Animation\Director\AnimatorControllerPlayable.cpp line 333]

The Animator Controller (Blood) you have used is not valid. Animations will not play
UnityEngine.StackTraceUtility:ExtractStackTrace ()
UnityEditor.EditorUtility:InitInstantiatedPreviewRecursive (UnityEngine.GameObject)
UnityEditor.EditorUtility:InstantiateForAnimatorPreview (UnityEngine.Object)
UnityEditor.GameObjectInspector/PreviewData:UpdateGameObject (UnityEngine.Object)
UnityEditor.GameObjectInspector/PreviewData:.ctor (UnityEngine.Object)
UnityEditor.GameObjectInspector:GetPreviewData ()
UnityEditor.GameObjectInspector:RenderStaticPreview (string,UnityEngine.Object[],int,int)
UnityEditor.AssetPreviewUpdater:CreatePreview (UnityEngine.Object,UnityEngine.Object[],string,int,int)
UnityEditor.AssetPreviewUpdater:CreatePreviewForAsset (UnityEngine.Object,UnityEngine.Object[],string)

[C:\buildslave\unity\build\Modules\Animation\Director\AnimatorControllerPlayable.cpp line 333]

The Animator Controller (Thrower) you have used is not valid. Animations will not play
UnityEngine.StackTraceUtility:ExtractStackTrace ()
UnityEditor.EditorUtility:InitInstantiatedPreviewRecursive (UnityEngine.GameObject)
UnityEditor.EditorUtility:InstantiateForAnimatorPreview (UnityEngine.Object)
UnityEditor.GameObjectInspector/PreviewData:UpdateGameObject (UnityEngine.Object)
UnityEditor.GameObjectInspector/PreviewData:.ctor (UnityEngine.Object)
UnityEditor.GameObjectInspector:GetPreviewData ()
UnityEditor.GameObjectInspector:RenderStaticPreview (string,UnityEngine.Object[],int,int)
UnityEditor.AssetPreviewUpdater:CreatePreview (UnityEngine.Object,UnityEngine.Object[],string,int,int)
UnityEditor.AssetPreviewUpdater:CreatePreviewForAsset (UnityEngine.Object,UnityEngine.Object[],string)

[C:\buildslave\unity\build\Modules\Animation\Director\AnimatorControllerPlayable.cpp line 333]

 -> (artifact id: '93e3be271f72068630b218c879e9b8c9') in 0.026771 seconds 
========================================================================
Received Import Request.
  Time since last request: 9.023653 seconds.
  path: Assets/Resources/Thrower.prefab
  artifactKey: Guid(6a71ad10012a25b4983117a57094746a) Importer(815301076,1909f56bfc062723c751e8b465ee728b)
Start importing Assets/Resources/Thrower.prefab using Guid(6a71ad10012a25b4983117a57094746a) Importer(815301076,1909f56bfc062723c751e8b465ee728b) The Animator Controller (Thrower) you have used is not valid. Animations will not play
UnityEngine.StackTraceUtility:ExtractStackTrace ()
UnityEditor.EditorUtility:Internal_InstantiateRemoveAllNonAnimationComponentsSingle (UnityEngine.Object,UnityEngine.Vector3,UnityEngine.Quaternion)
UnityEditor.EditorUtility:InstantiateRemoveAllNonAnimationComponents (UnityEngine.Object,UnityEngine.Vector3,UnityEngine.Quaternion)
UnityEditor.EditorUtility:InstantiateForAnimatorPreview (UnityEngine.Object)
UnityEditor.GameObjectInspector/PreviewData:UpdateGameObject (UnityEngine.Object)
UnityEditor.GameObjectInspector/PreviewData:.ctor (UnityEngine.Object)
UnityEditor.GameObjectInspector:GetPreviewData ()
UnityEditor.GameObjectInspector:RenderStaticPreview (string,UnityEngine.Object[],int,int)
UnityEditor.AssetPreviewUpdater:CreatePreview (UnityEngine.Object,UnityEngine.Object[],string,int,int)
UnityEditor.AssetPreviewUpdater:CreatePreviewForAsset (UnityEngine.Object,UnityEngine.Object[],string)

[C:\buildslave\unity\build\Modules\Animation\Director\AnimatorControllerPlayable.cpp line 333]

The Animator Controller (Blood) you have used is not valid. Animations will not play
UnityEngine.StackTraceUtility:ExtractStackTrace ()
UnityEditor.EditorUtility:Internal_InstantiateRemoveAllNonAnimationComponentsSingle (UnityEngine.Object,UnityEngine.Vector3,UnityEngine.Quaternion)
UnityEditor.EditorUtility:InstantiateRemoveAllNonAnimationComponents (UnityEngine.Object,UnityEngine.Vector3,UnityEngine.Quaternion)
UnityEditor.EditorUtility:InstantiateForAnimatorPreview (UnityEngine.Object)
UnityEditor.GameObjectInspector/PreviewData:UpdateGameObject (UnityEngine.Object)
UnityEditor.GameObjectInspector/PreviewData:.ctor (UnityEngine.Object)
UnityEditor.GameObjectInspector:GetPreviewData ()
UnityEditor.GameObjectInspector:RenderStaticPreview (string,UnityEngine.Object[],int,int)
UnityEditor.AssetPreviewUpdater:CreatePreview (UnityEngine.Object,UnityEngine.Object[],string,int,int)
UnityEditor.AssetPreviewUpdater:CreatePreviewForAsset (UnityEngine.Object,UnityEngine.Object[],string)

[C:\buildslave\unity\build\Modules\Animation\Director\AnimatorControllerPlayable.cpp line 333]

The Animator Controller (Blood) you have used is not valid. Animations will not play
UnityEngine.StackTraceUtility:ExtractStackTrace ()
UnityEditor.EditorUtility:InitInstantiatedPreviewRecursive (UnityEngine.GameObject)
UnityEditor.EditorUtility:InstantiateForAnimatorPreview (UnityEngine.Object)
UnityEditor.GameObjectInspector/PreviewData:UpdateGameObject (UnityEngine.Object)
UnityEditor.GameObjectInspector/PreviewData:.ctor (UnityEngine.Object)
UnityEditor.GameObjectInspector:GetPreviewData ()
UnityEditor.GameObjectInspector:RenderStaticPreview (string,UnityEngine.Object[],int,int)
UnityEditor.AssetPreviewUpdater:CreatePreview (UnityEngine.Object,UnityEngine.Object[],string,int,int)
UnityEditor.AssetPreviewUpdater:CreatePreviewForAsset (UnityEngine.Object,UnityEngine.Object[],string)

[C:\buildslave\unity\build\Modules\Animation\Director\AnimatorControllerPlayable.cpp line 333]

The Animator Controller (Thrower) you have used is not valid. Animations will not play
UnityEngine.StackTraceUtility:ExtractStackTrace ()
UnityEditor.EditorUtility:InitInstantiatedPreviewRecursive (UnityEngine.GameObject)
UnityEditor.EditorUtility:InstantiateForAnimatorPreview (UnityEngine.Object)
UnityEditor.GameObjectInspector/PreviewData:UpdateGameObject (UnityEngine.Object)
UnityEditor.GameObjectInspector/PreviewData:.ctor (UnityEngine.Object)
UnityEditor.GameObjectInspector:GetPreviewData ()
UnityEditor.GameObjectInspector:RenderStaticPreview (string,UnityEngine.Object[],int,int)
UnityEditor.AssetPreviewUpdater:CreatePreview (UnityEngine.Object,UnityEngine.Object[],string,int,int)
UnityEditor.AssetPreviewUpdater:CreatePreviewForAsset (UnityEngine.Object,UnityEngine.Object[],string)

[C:\buildslave\unity\build\Modules\Animation\Director\AnimatorControllerPlayable.cpp line 333]

 -> (artifact id: '7de981acfeba208473785aaca5f3c30b') in 0.023518 seconds 
========================================================================
Received Import Request.
  Time since last request: 81.587577 seconds.
  path: Assets/Resources/Thrower.prefab
  artifactKey: Guid(6a71ad10012a25b4983117a57094746a) Importer(815301076,1909f56bfc062723c751e8b465ee728b)
Start importing Assets/Resources/Thrower.prefab using Guid(6a71ad10012a25b4983117a57094746a) Importer(815301076,1909f56bfc062723c751e8b465ee728b) The Animator Controller (Thrower) you have used is not valid. Animations will not play
UnityEngine.StackTraceUtility:ExtractStackTrace ()
UnityEditor.EditorUtility:Internal_InstantiateRemoveAllNonAnimationComponentsSingle (UnityEngine.Object,UnityEngine.Vector3,UnityEngine.Quaternion)
UnityEditor.EditorUtility:InstantiateRemoveAllNonAnimationComponents (UnityEngine.Object,UnityEngine.Vector3,UnityEngine.Quaternion)
UnityEditor.EditorUtility:InstantiateForAnimatorPreview (UnityEngine.Object)
UnityEditor.GameObjectInspector/PreviewData:UpdateGameObject (UnityEngine.Object)
UnityEditor.GameObjectInspector/PreviewData:.ctor (UnityEngine.Object)
UnityEditor.GameObjectInspector:GetPreviewData ()
UnityEditor.GameObjectInspector:RenderStaticPreview (string,UnityEngine.Object[],int,int)
UnityEditor.AssetPreviewUpdater:CreatePreview (UnityEngine.Object,UnityEngine.Object[],string,int,int)
UnityEditor.AssetPreviewUpdater:CreatePreviewForAsset (UnityEngine.Object,UnityEngine.Object[],string)

[C:\buildslave\unity\build\Modules\Animation\Director\AnimatorControllerPlayable.cpp line 333]

The Animator Controller (Thrower) you have used is not valid. Animations will not play
UnityEngine.StackTraceUtility:ExtractStackTrace ()
UnityEditor.EditorUtility:InitInstantiatedPreviewRecursive (UnityEngine.GameObject)
UnityEditor.EditorUtility:InstantiateForAnimatorPreview (UnityEngine.Object)
UnityEditor.GameObjectInspector/PreviewData:UpdateGameObject (UnityEngine.Object)
UnityEditor.GameObjectInspector/PreviewData:.ctor (UnityEngine.Object)
UnityEditor.GameObjectInspector:GetPreviewData ()
UnityEditor.GameObjectInspector:RenderStaticPreview (string,UnityEngine.Object[],int,int)
UnityEditor.AssetPreviewUpdater:CreatePreview (UnityEngine.Object,UnityEngine.Object[],string,int,int)
UnityEditor.AssetPreviewUpdater:CreatePreviewForAsset (UnityEngine.Object,UnityEngine.Object[],string)

[C:\buildslave\unity\build\Modules\Animation\Director\AnimatorControllerPlayable.cpp line 333]

 -> (artifact id: '3ab89422c2be9f23479464c036220a2c') in 0.017954 seconds 
========================================================================
Received Import Request.
  Time since last request: 61.503397 seconds.
  path: Assets/Resources/Farmer.prefab
  artifactKey: Guid(732a6d4f97a9179478fd0c6eff4b8b4c) Importer(815301076,1909f56bfc062723c751e8b465ee728b)
Start importing Assets/Resources/Farmer.prefab using Guid(732a6d4f97a9179478fd0c6eff4b8b4c) Importer(815301076,1909f56bfc062723c751e8b465ee728b)  -> (artifact id: '3f2945db089640d81c272c25c9902146') in 0.023574 seconds 
========================================================================
Received Import Request.
  Time since last request: 40.814933 seconds.
  path: Assets/Animations/Enemy.controller
  artifactKey: Guid(c66dbd9f2c26a274eb5fdffe8c10d6c1) Importer(815301076,1909f56bfc062723c751e8b465ee728b)
Start importing Assets/Animations/Enemy.controller using Guid(c66dbd9f2c26a274eb5fdffe8c10d6c1) Importer(815301076,1909f56bfc062723c751e8b465ee728b)  -> (artifact id: 'fc4d142653e45cf2cc7bec12853cb29a') in 0.013178 seconds 
========================================================================
Received Import Request.
  Time since last request: 6.050682 seconds.
  path: Assets/Resources/Thrower.prefab
  artifactKey: Guid(6a71ad10012a25b4983117a57094746a) Importer(815301076,1909f56bfc062723c751e8b465ee728b)
Start importing Assets/Resources/Thrower.prefab using Guid(6a71ad10012a25b4983117a57094746a) Importer(815301076,1909f56bfc062723c751e8b465ee728b)  -> (artifact id: '8c4e82649073904240aaced8cd71e84d') in 0.018553 seconds 
========================================================================
Received Import Request.
  Time since last request: 10.876914 seconds.
  path: Assets/Resources/Farmer.prefab
  artifactKey: Guid(732a6d4f97a9179478fd0c6eff4b8b4c) Importer(815301076,1909f56bfc062723c751e8b465ee728b)
Start importing Assets/Resources/Farmer.prefab using Guid(732a6d4f97a9179478fd0c6eff4b8b4c) Importer(815301076,1909f56bfc062723c751e8b465ee728b)  -> (artifact id: 'bc148bc04faf5910bddec621971849ed') in 0.017098 seconds 
========================================================================
Received Import Request.
  Time since last request: 93.547447 seconds.
  path: Assets/Resources/Farmer.prefab
  artifactKey: Guid(732a6d4f97a9179478fd0c6eff4b8b4c) Importer(815301076,1909f56bfc062723c751e8b465ee728b)
Start importing Assets/Resources/Farmer.prefab using Guid(732a6d4f97a9179478fd0c6eff4b8b4c) Importer(815301076,1909f56bfc062723c751e8b465ee728b)  -> (artifact id: 'f46c64c4d1d3134708e77bceb50875e4') in 0.025017 seconds 
========================================================================
Received Import Request.
  Time since last request: 214.116984 seconds.
  path: Assets/Sprites/VillagerHand.png
  artifactKey: Guid(a54e6ed9f2570074b947d29b90173733) Importer(815301076,1909f56bfc062723c751e8b465ee728b)
Start importing Assets/Sprites/VillagerHand.png using Guid(a54e6ed9f2570074b947d29b90173733) Importer(815301076,1909f56bfc062723c751e8b465ee728b)  -> (artifact id: '1fedc42818dae111232633cc805c3ce4') in 0.064733 seconds 
========================================================================
Received Import Request.
  Time since last request: 15.110566 seconds.
  path: Assets/Sprites/NinjaHand.png
  artifactKey: Guid(3885bca3aaadf5d4c9b561f17e5ca68b) Importer(815301076,1909f56bfc062723c751e8b465ee728b)
Start importing Assets/Sprites/NinjaHand.png using Guid(3885bca3aaadf5d4c9b561f17e5ca68b) Importer(815301076,1909f56bfc062723c751e8b465ee728b)  -> (artifact id: '03a015f209b0a602cdec2683b8f621e2') in 0.018698 seconds 
========================================================================
Received Import Request.
  Time since last request: 19.858340 seconds.
  path: Assets/Sprites/SamuraiHand.png
  artifactKey: Guid(740982d87d13f0245bb2545ea0c6167c) Importer(815301076,1909f56bfc062723c751e8b465ee728b)
Start importing Assets/Sprites/SamuraiHand.png using Guid(740982d87d13f0245bb2545ea0c6167c) Importer(815301076,1909f56bfc062723c751e8b465ee728b)  -> (artifact id: '5aa41d86c2e717512fad00f87d9f276d') in 0.022452 seconds 
